[2026-07-06 16:52:53] [INFO] WebSocket 连接建立，当前在线 1
[2026-07-06 16:52:55] [INFO] 用户登录: 123 (uid=1)
[2026-07-06 16:52:58] [INFO] 用户 123 创建房间 R1 (mahjong)
[2026-07-06 16:52:59] [INFO] 用户 123 准备 (R1)
[2026-07-06 16:53:06] [INFO] WebSocket 连接建立，当前在线 2
[2026-07-06 16:53:08] [INFO] 用户登录: 千文 (uid=2)
[2026-07-06 16:53:10] [INFO] 用户 千文 加入房间 R1
[2026-07-06 16:53:11] [INFO] 用户 千文 准备 (R1)
[2026-07-06 16:53:15] [INFO] WebSocket 连接建立，当前在线 3
[2026-07-06 16:53:18] [INFO] 用户登录: 阿松大 (uid=3)
[2026-07-06 16:53:20] [INFO] 用户 阿松大 加入房间 R1
[2026-07-06 16:53:21] [INFO] 用户 阿松大 准备 (R1)
[2026-07-06 16:53:22] [DEBUG] [engine] 游戏开始(3人), 庄=P0, 牌堆=68
[2026-07-06 16:53:22] [INFO] 房间 R1 游戏开始 (mahjong, 3人)
[2026-07-06 16:53:26] [DEBUG] 房间 R1 收到 exchange 消息: 玩家0
[2026-07-06 16:53:30] [DEBUG] 房间 R1 收到 exchange 消息: 玩家1
[2026-07-06 16:53:35] [DEBUG] 房间 R1 收到 exchange 消息: 玩家2
[2026-07-06 16:53:35] [DEBUG] [engine] 换三张: 骰子3点, 方向=shun(顺时针)
[2026-07-06 16:53:38] [DEBUG] 房间 R1 收到 dingque 消息: 玩家2
[2026-07-06 16:53:40] [DEBUG] 房间 R1 收到 dingque 消息: 玩家1
[2026-07-06 16:53:42] [DEBUG] 房间 R1 收到 dingque 消息: 玩家0
