[2026-07-03 11:05:03] [INFO] 测试日志系统
[2026-07-03 11:05:03] [WARN] 这是一个警告
[2026-07-03 11:05:03] [ERROR] 这是一个错误
[2026-07-03 11:49:39] [INFO] WebSocket 连接建立，当前在线 1
[2026-07-03 11:49:39] [INFO] WebSocket 连接建立，当前在线 1
[2026-07-03 11:49:44] [DEBUG] 匿名连接断开
[2026-07-03 11:49:44] [INFO] WebSocket 连接建立，当前在线 1
[2026-07-03 11:49:46] [DEBUG] 匿名连接断开
[2026-07-03 11:49:46] [INFO] WebSocket 连接建立，当前在线 1
[2026-07-03 11:49:47] [INFO] 用户登录: 123 (uid=1)
[2026-07-03 11:49:53] [INFO] 用户登录: 4 (uid=2)
[2026-07-03 11:49:56] [INFO] 用户 4 创建房间 R1 (mahjong)
[2026-07-03 11:49:58] [INFO] 用户 123 加入房间 R1
[2026-07-03 11:49:59] [INFO] 用户 123 准备 (R1)
[2026-07-03 11:50:01] [INFO] 用户 4 准备 (R1)
[2026-07-03 11:50:02] [DEBUG] [engine] 游戏开始(2人), 庄=P0, 牌堆=81
[2026-07-03 11:50:02] [INFO] 房间 R1 游戏开始 (mahjong, 2人)
[2026-07-03 11:50:11] [DEBUG] 房间 R1 收到 dingque 消息: 玩家0
[2026-07-03 11:50:19] [DEBUG] 房间 R1 收到 dingque 消息: 玩家1
[2026-07-03 11:50:24] [DEBUG] 房间 R1 收到 discard 消息: 玩家0
[2026-07-03 11:50:24] [DEBUG] [engine] P0出1筒 -> 无人响应, 进下家
[2026-07-03 11:50:24] [DEBUG] [engine] 轮到P1, 未胡=2人
[2026-07-03 11:50:24] [DEBUG] [engine] P1摸牌 6筒, 手牌=14, 牌堆剩80
[2026-07-03 11:50:54] [DEBUG] [engine] 结束(正常), 各玩家分数:P0=0, P1=0
[2026-07-03 11:50:54] [WARN] 房间 R1 被房主 4 强制结束
