[2026-07-09 08:47:28] [INFO] WebSocket 连接建立，当前在线 1
[2026-07-09 08:47:28] [INFO] WebSocket 连接建立，当前在线 1
[2026-07-09 08:47:28] [INFO] 用户登录: 甲 (uid=1)
[2026-07-09 08:47:28] [INFO] 用户登录: 乙 (uid=2)
[2026-07-09 08:47:28] [INFO] 用户 甲 创建房间 R1 (monopoly)
[2026-07-09 08:47:28] [INFO] 用户 乙 加入房间 R1
[2026-07-09 08:47:28] [INFO] 用户 甲 准备 (R1)
[2026-07-09 08:47:28] [INFO] 用户 乙 准备 (R1)
[2026-07-09 08:47:28] [DEBUG] [大富翁] R1 新对局开始，共 2 位玩家，每人初始 1500 元，目标 30 回合。
[2026-07-09 08:47:28] [DEBUG] [大富翁] R1 第 1 回合，轮到 甲。
[2026-07-09 08:47:28] [INFO] 房间 R1 游戏开始 (monopoly, 2人)
[2026-07-09 08:47:28] [DEBUG] 房间 R1 收到 roll 消息: 玩家0
[2026-07-09 08:47:28] [DEBUG] [大富翁] R1 甲 掷出 3 + 3 = 6（双点，可再掷）。
[2026-07-09 08:47:28] [DEBUG] [大富翁] R1 甲 到达 监狱。
[2026-07-09 08:47:28] [DEBUG] [大富翁] R1 甲 因双点获得额外一次掷骰。
[2026-07-09 08:47:29] [DEBUG] [大富翁] R1 甲 断线，自动破产退出。
[2026-07-09 08:47:29] [DEBUG] [大富翁] R1 对局结束！冠军：乙（净资产 1500 元）。
[2026-07-09 08:47:29] [INFO] 用户 甲 离开房间 R1
[2026-07-09 10:42:55] [INFO] WebSocket 连接建立，当前在线 1
[2026-07-09 10:43:06] [INFO] 用户登录: 123 (uid=1)
[2026-07-09 10:43:17] [INFO] WebSocket 连接建立，当前在线 2
[2026-07-09 10:43:19] [INFO] 用户登录: 12 (uid=2)
[2026-07-09 10:43:22] [INFO] 用户 12 创建房间 R1 (monopoly)
[2026-07-09 10:43:23] [INFO] 用户 12 准备 (R1)
[2026-07-09 10:43:33] [INFO] 用户 123 加入房间 R1
[2026-07-09 10:43:34] [INFO] 用户 123 准备 (R1)
[2026-07-09 10:43:39] [DEBUG] [大富翁] R1 新对局开始，共 2 位玩家，每人初始 1500 元，目标 30 回合。
[2026-07-09 10:43:39] [DEBUG] [大富翁] R1 第 1 回合，轮到 12。
[2026-07-09 10:43:39] [INFO] 房间 R1 游戏开始 (monopoly, 2人)
[2026-07-09 10:43:44] [DEBUG] 房间 R1 收到 roll 消息: 玩家0
[2026-07-09 10:43:44] [DEBUG] [大富翁] R1 12 掷出 3 + 6 = 9。
[2026-07-09 10:43:44] [DEBUG] [大富翁] R1 12 到达 宽窄巷子。
[2026-07-09 10:43:45] [DEBUG] 房间 R1 收到 action 消息: 玩家0
[2026-07-09 10:43:45] [DEBUG] [大富翁] R1 12 购入 宽窄巷子，花费 120 元。
[2026-07-09 10:43:45] [DEBUG] [大富翁] R1 第 1 回合，轮到 123。
[2026-07-09 10:44:14] [DEBUG] 房间 R1 收到 roll 消息: 玩家1
[2026-07-09 10:44:14] [DEBUG] [大富翁] R1 123 掷出 3 + 5 = 8。
[2026-07-09 10:44:14] [DEBUG] [大富翁] R1 123 到达 机会。
[2026-07-09 10:44:14] [DEBUG] [大富翁] R1 123 抽到 机会卡：银行结息，获得 100 元。
[2026-07-09 10:44:14] [DEBUG] [大富翁] R1 123 获得 100 元。
[2026-07-09 10:44:14] [DEBUG] [大富翁] R2 第 2 回合，轮到 12。
[2026-07-09 10:46:31] [DEBUG] 房间 R1 收到 roll 消息: 玩家0
[2026-07-09 10:46:31] [DEBUG] [大富翁] R2 12 掷出 1 + 1 = 2（双点，可再掷）。
[2026-07-09 10:46:31] [DEBUG] [大富翁] R2 12 到达 电力公司。
[2026-07-09 10:46:32] [DEBUG] 房间 R1 收到 action 消息: 玩家0
[2026-07-09 10:46:32] [DEBUG] [大富翁] R2 12 购入 电力公司，花费 150 元。
[2026-07-09 10:46:32] [DEBUG] [大富翁] R2 12 因双点获得额外一次掷骰。
[2026-07-09 10:46:35] [DEBUG] 房间 R1 收到 roll 消息: 玩家0
[2026-07-09 10:46:35] [DEBUG] [大富翁] R2 12 掷出 4 + 2 = 6。
[2026-07-09 10:46:35] [DEBUG] [大富翁] R2 12 到达 熊猫基地。
[2026-07-09 10:46:36] [DEBUG] 房间 R1 收到 action 消息: 玩家0
[2026-07-09 10:46:36] [DEBUG] [大富翁] R2 12 购入 熊猫基地，花费 200 元。
[2026-07-09 10:46:36] [DEBUG] [大富翁] R2 第 2 回合，轮到 123。
[2026-07-09 10:46:37] [DEBUG] 房间 R1 收到 roll 消息: 玩家1
[2026-07-09 10:46:37] [DEBUG] [大富翁] R2 123 掷出 4 + 4 = 8（双点，可再掷）。
[2026-07-09 10:46:37] [DEBUG] [大富翁] R2 123 到达 机会。
[2026-07-09 10:46:37] [DEBUG] [大富翁] R2 123 抽到 机会卡：维修房屋，每座房子付 25 元。
[2026-07-09 10:46:37] [DEBUG] [大富翁] R2 123 因双点获得额外一次掷骰。
[2026-07-09 10:46:39] [DEBUG] 房间 R1 收到 roll 消息: 玩家1
[2026-07-09 10:46:39] [DEBUG] [大富翁] R2 123 掷出 1 + 2 = 3。
[2026-07-09 10:46:39] [DEBUG] [大富翁] R2 123 到达 命运。
[2026-07-09 10:46:39] [DEBUG] [大富翁] R2 123 抽到 命运卡：请每位玩家吃饭，付给每人 50 元。
[2026-07-09 10:46:39] [DEBUG] [大富翁] R2 123 付给每位玩家 50 元。
[2026-07-09 10:46:39] [DEBUG] [大富翁] R3 第 3 回合，轮到 12。
[2026-07-09 10:46:44] [DEBUG] 房间 R1 收到 roll 消息: 玩家0
[2026-07-09 10:46:44] [DEBUG] [大富翁] R3 12 掷出 4 + 2 = 6。
[2026-07-09 10:46:44] [DEBUG] [大富翁] R3 12 到达 奢侈税。
[2026-07-09 10:46:44] [DEBUG] [大富翁] R3 第 3 回合，轮到 123。
[2026-07-09 10:46:45] [DEBUG] 房间 R1 收到 roll 消息: 玩家1
[2026-07-09 10:46:45] [DEBUG] [大富翁] R3 123 掷出 1 + 1 = 2（双点，可再掷）。
[2026-07-09 10:46:45] [DEBUG] [大富翁] R3 123 到达 自来水厂。
[2026-07-09 10:46:46] [DEBUG] 房间 R1 收到 action 消息: 玩家1
[2026-07-09 10:46:46] [DEBUG] [大富翁] R3 123 购入 自来水厂，花费 150 元。
[2026-07-09 10:46:46] [DEBUG] [大富翁] R3 123 因双点获得额外一次掷骰。
[2026-07-09 10:46:48] [DEBUG] 房间 R1 收到 roll 消息: 玩家1
[2026-07-09 10:46:48] [DEBUG] [大富翁] R3 123 掷出 1 + 5 = 6。
[2026-07-09 10:46:48] [DEBUG] [大富翁] R3 123 经过起点，领取 200 元。
[2026-07-09 10:46:48] [DEBUG] [大富翁] R3 123 到达 太古里。
[2026-07-09 10:46:52] [DEBUG] 房间 R1 收到 action 消息: 玩家1
[2026-07-09 10:46:52] [DEBUG] [大富翁] R3 123 购入 太古里，花费 80 元。
[2026-07-09 10:46:52] [DEBUG] [大富翁] R4 第 4 回合，轮到 12。
[2026-07-09 10:47:32] [INFO] WebSocket 连接建立，当前在线 1
[2026-07-09 10:47:33] [INFO] WebSocket 连接建立，当前在线 1
[2026-07-09 10:47:35] [DEBUG] 匿名连接断开
[2026-07-09 10:47:35] [INFO] WebSocket 连接建立，当前在线 1
[2026-07-09 10:47:36] [INFO] 用户登录: 123 (uid=1)
[2026-07-09 10:47:41] [INFO] 用户 123 创建房间 R1 (monopoly)
[2026-07-09 10:47:41] [INFO] 用户 123 准备 (R1)
[2026-07-09 10:47:45] [DEBUG] 匿名连接断开
[2026-07-09 10:47:45] [INFO] WebSocket 连接建立，当前在线 2
[2026-07-09 10:47:46] [INFO] 用户登录: 去 (uid=2)
[2026-07-09 10:47:47] [INFO] 用户 去 加入房间 R1
[2026-07-09 10:47:48] [INFO] 用户 去 准备 (R1)
[2026-07-09 10:47:51] [DEBUG] [大富翁] R1 新对局开始，共 2 位玩家，每人初始 1500 元，目标 30 回合。
[2026-07-09 10:47:51] [DEBUG] [大富翁] R1 第 1 回合，轮到 123。
[2026-07-09 10:47:51] [INFO] 房间 R1 游戏开始 (monopoly, 2人)
[2026-07-09 10:47:55] [DEBUG] 房间 R1 收到 roll 消息: 玩家0
[2026-07-09 10:47:55] [DEBUG] [大富翁] R1 123 掷出 4 + 1 = 5。
[2026-07-09 10:47:55] [DEBUG] [大富翁] R1 123 到达 东站。
[2026-07-09 10:47:58] [DEBUG] 房间 R1 收到 action 消息: 玩家0
[2026-07-09 10:47:58] [DEBUG] [大富翁] R1 123 购入 东站，花费 200 元。
[2026-07-09 10:47:58] [DEBUG] [大富翁] R1 第 1 回合，轮到 去。
[2026-07-09 10:48:06] [DEBUG] 房间 R1 收到 roll 消息: 玩家1
[2026-07-09 10:48:06] [DEBUG] [大富翁] R1 去 掷出 4 + 2 = 6。
[2026-07-09 10:48:06] [DEBUG] [大富翁] R1 去 到达 监狱。
[2026-07-09 10:48:06] [DEBUG] [大富翁] R2 第 2 回合，轮到 123。
[2026-07-09 10:48:09] [DEBUG] 房间 R1 收到 roll 消息: 玩家0
[2026-07-09 10:48:09] [DEBUG] [大富翁] R2 123 掷出 3 + 1 = 4。
[2026-07-09 10:48:09] [DEBUG] [大富翁] R2 123 到达 宽窄巷子。
[2026-07-09 10:48:09] [DEBUG] 房间 R1 收到 action 消息: 玩家0
[2026-07-09 10:48:09] [DEBUG] [大富翁] R2 123 购入 宽窄巷子，花费 120 元。
[2026-07-09 10:48:09] [DEBUG] [大富翁] R2 第 2 回合，轮到 去。
[2026-07-09 10:49:39] [INFO] 用户断开: 去
[2026-07-09 10:49:39] [DEBUG] [大富翁] R2 去 断线，自动破产退出。
[2026-07-09 10:49:39] [DEBUG] [大富翁] R2 对局结束！冠军：123（净资产 1340 元）。
[2026-07-09 10:49:46] [DEBUG] [大富翁] R2 123 断线，自动破产退出。
[2026-07-09 10:49:46] [INFO] 用户 123 离开房间 R1
[2026-07-09 10:49:49] [INFO] 用户断开: 123
[2026-07-09 16:48:05] [INFO] WebSocket 连接建立，当前在线 1
[2026-07-09 16:48:07] [INFO] 用户登录: 123 (uid=1)
[2026-07-09 16:48:10] [INFO] 用户 123 创建房间 R1 (card)
[2026-07-09 16:48:18] [INFO] 用户 123 选择角色 狂战士 (R1)
[2026-07-09 16:48:50] [INFO] WebSocket 连接建立，当前在线 2
[2026-07-09 16:48:52] [INFO] 用户登录: 去 (uid=2)
[2026-07-09 16:48:54] [INFO] 用户 去 加入房间 R1
[2026-07-09 16:48:58] [INFO] 用户 去 选择角色 圣骑士 (R1)
[2026-07-09 16:48:59] [INFO] 用户 去 准备 (R1)
[2026-07-09 16:49:02] [INFO] 用户 123 准备 (R1)
[2026-07-09 16:49:05] [INFO] 房间 R1 游戏开始 (card, 2人)
[2026-07-09 16:49:11] [DEBUG] 房间 R1 收到 useSkill 消息: 玩家0
[2026-07-09 16:49:12] [DEBUG] 房间 R1 收到 play 消息: 玩家0
[2026-07-09 16:49:13] [DEBUG] 房间 R1 收到 endTurn 消息: 玩家0
[2026-07-09 16:49:19] [DEBUG] 房间 R1 收到 discard 消息: 玩家0
[2026-07-09 16:49:24] [DEBUG] 房间 R1 收到 useSkill 消息: 玩家1
[2026-07-09 16:49:25] [DEBUG] 房间 R1 收到 useSkill 消息: 玩家1
[2026-07-09 16:49:26] [DEBUG] 房间 R1 收到 play 消息: 玩家1
[2026-07-09 16:49:27] [DEBUG] 房间 R1 收到 endTurn 消息: 玩家1
[2026-07-09 16:49:32] [DEBUG] 房间 R1 收到 discard 消息: 玩家1
[2026-07-09 16:52:15] [INFO] 用户 去 离开房间 R1
[2026-07-09 16:52:22] [INFO] 房间 R1 游戏结束，返回房间
[2026-07-09 16:52:25] [INFO] 用户 去 加入房间 R1
[2026-07-09 17:27:16] [INFO] WebSocket 连接建立，当前在线 1
[2026-07-09 17:27:17] [INFO] WebSocket 连接建立，当前在线 1
[2026-07-09 17:27:18] [DEBUG] 匿名连接断开
[2026-07-09 17:27:18] [INFO] WebSocket 连接建立，当前在线 1
[2026-07-09 17:27:20] [INFO] 用户登录: 123 (uid=1)
[2026-07-09 17:27:30] [INFO] 用户 123 创建房间 R1 (card)
[2026-07-09 17:27:32] [INFO] 用户 123 选择角色 寒冰法师 (R1)
[2026-07-09 17:27:33] [INFO] 用户 123 准备 (R1)
[2026-07-09 17:27:36] [DEBUG] 匿名连接断开
[2026-07-09 17:27:36] [INFO] WebSocket 连接建立，当前在线 2
[2026-07-09 17:27:38] [INFO] 用户登录: 去 (uid=2)
[2026-07-09 17:27:41] [INFO] 用户 去 加入房间 R1
[2026-07-09 17:27:43] [INFO] 用户 去 选择角色 寒冰法师 (R1)
[2026-07-09 17:27:49] [INFO] 用户 去 选择角色 赌徒 (R1)
[2026-07-09 17:28:25] [INFO] 用户 去 准备 (R1)
[2026-07-09 17:28:28] [INFO] 房间 R1 游戏开始 (card, 2人)
[2026-07-09 17:28:32] [DEBUG] 房间 R1 收到 endTurn 消息: 玩家0
[2026-07-09 17:28:36] [DEBUG] 房间 R1 收到 discard 消息: 玩家0
[2026-07-09 17:28:51] [DEBUG] 房间 R1 收到 play 消息: 玩家1
[2026-07-09 17:28:52] [DEBUG] 房间 R1 收到 play 消息: 玩家1
[2026-07-09 17:28:53] [DEBUG] 房间 R1 收到 play 消息: 玩家1
[2026-07-09 17:28:54] [DEBUG] 房间 R1 收到 endTurn 消息: 玩家1
[2026-07-09 17:28:59] [DEBUG] 房间 R1 收到 discard 消息: 玩家1
[2026-07-09 17:29:03] [DEBUG] 房间 R1 收到 play 消息: 玩家0
[2026-07-09 17:29:05] [DEBUG] 房间 R1 收到 endTurn 消息: 玩家0
[2026-07-09 17:29:07] [DEBUG] 房间 R1 收到 discard 消息: 玩家0
[2026-07-09 17:29:11] [DEBUG] 房间 R1 收到 endTurn 消息: 玩家1
[2026-07-09 17:29:13] [DEBUG] 房间 R1 收到 discard 消息: 玩家1
[2026-07-09 17:29:20] [DEBUG] 房间 R1 收到 play 消息: 玩家0
[2026-07-09 17:29:21] [DEBUG] 房间 R1 收到 play 消息: 玩家0
[2026-07-09 17:29:22] [DEBUG] 房间 R1 收到 endTurn 消息: 玩家0
[2026-07-09 17:29:24] [DEBUG] 房间 R1 收到 discard 消息: 玩家0
[2026-07-09 17:29:27] [DEBUG] 房间 R1 收到 play 消息: 玩家1
[2026-07-09 17:29:29] [DEBUG] 房间 R1 收到 endTurn 消息: 玩家1
[2026-07-09 17:29:32] [DEBUG] 房间 R1 收到 play 消息: 玩家0
[2026-07-09 17:29:34] [DEBUG] 房间 R1 收到 play 消息: 玩家0
[2026-07-09 17:29:35] [DEBUG] 房间 R1 收到 endTurn 消息: 玩家0
[2026-07-09 17:29:39] [DEBUG] 房间 R1 收到 play 消息: 玩家1
[2026-07-09 17:29:40] [DEBUG] 房间 R1 收到 play 消息: 玩家1
[2026-07-09 17:29:43] [DEBUG] 房间 R1 收到 endTurn 消息: 玩家1
[2026-07-09 17:29:44] [DEBUG] 房间 R1 收到 play 消息: 玩家0
[2026-07-09 17:29:45] [DEBUG] 房间 R1 收到 play 消息: 玩家0
[2026-07-09 17:29:46] [DEBUG] 房间 R1 收到 endTurn 消息: 玩家0
[2026-07-09 17:29:50] [DEBUG] 房间 R1 收到 play 消息: 玩家1
[2026-07-09 17:29:51] [DEBUG] 房间 R1 收到 endTurn 消息: 玩家1
[2026-07-09 17:29:53] [DEBUG] 房间 R1 收到 discard 消息: 玩家1
[2026-07-09 17:29:55] [DEBUG] 房间 R1 收到 play 消息: 玩家0
[2026-07-09 17:29:56] [DEBUG] 房间 R1 收到 play 消息: 玩家0
[2026-07-09 17:29:57] [DEBUG] 房间 R1 收到 endTurn 消息: 玩家0
[2026-07-09 17:29:59] [DEBUG] 房间 R1 收到 play 消息: 玩家1
[2026-07-09 17:30:00] [DEBUG] 房间 R1 收到 play 消息: 玩家1
[2026-07-09 17:30:01] [DEBUG] 房间 R1 收到 endTurn 消息: 玩家1
[2026-07-09 17:30:03] [DEBUG] 房间 R1 收到 discard 消息: 玩家1
[2026-07-09 17:30:05] [DEBUG] 房间 R1 收到 play 消息: 玩家0
[2026-07-09 17:30:06] [DEBUG] 房间 R1 收到 play 消息: 玩家0
[2026-07-09 17:30:06] [DEBUG] 房间 R1 收到 play 消息: 玩家0
[2026-07-09 17:30:07] [DEBUG] 房间 R1 收到 endTurn 消息: 玩家0
[2026-07-09 17:30:15] [DEBUG] 房间 R1 收到 play 消息: 玩家1
[2026-07-09 17:30:18] [DEBUG] 房间 R1 收到 play 消息: 玩家1
[2026-07-09 17:30:19] [DEBUG] 房间 R1 收到 endTurn 消息: 玩家1
[2026-07-09 17:30:21] [DEBUG] 房间 R1 收到 play 消息: 玩家0
[2026-07-09 17:30:22] [DEBUG] 房间 R1 收到 play 消息: 玩家0
[2026-07-09 17:30:23] [DEBUG] 房间 R1 收到 play 消息: 玩家0
[2026-07-09 17:30:24] [DEBUG] 房间 R1 收到 play 消息: 玩家0
[2026-07-09 17:30:24] [DEBUG] 房间 R1 收到 endTurn 消息: 玩家0
[2026-07-09 17:30:26] [DEBUG] 房间 R1 收到 play 消息: 玩家1
[2026-07-09 17:30:29] [DEBUG] 房间 R1 收到 play 消息: 玩家1
[2026-07-09 17:31:31] [DEBUG] 房间 R1 收到 play 消息: 玩家1
[2026-07-09 17:31:32] [DEBUG] 房间 R1 收到 endTurn 消息: 玩家1
[2026-07-09 17:31:36] [DEBUG] 房间 R1 收到 useSkill 消息: 玩家0
[2026-07-09 17:31:37] [DEBUG] 房间 R1 收到 play 消息: 玩家0
[2026-07-09 17:31:38] [DEBUG] 房间 R1 收到 play 消息: 玩家0
[2026-07-09 17:31:41] [DEBUG] 房间 R1 收到 endTurn 消息: 玩家0
[2026-07-09 17:31:50] [DEBUG] 房间 R1 收到 play 消息: 玩家1
[2026-07-09 17:32:01] [DEBUG] 房间 R1 收到 play 消息: 玩家1
[2026-07-09 17:32:06] [DEBUG] 房间 R1 收到 endTurn 消息: 玩家1
[2026-07-09 17:33:53] [INFO] WebSocket 连接建立，当前在线 1
[2026-07-09 17:33:53] [INFO] WebSocket 连接建立，当前在线 1
[2026-07-09 17:34:11] [DEBUG] 匿名连接断开
[2026-07-09 17:34:11] [INFO] WebSocket 连接建立，当前在线 1
[2026-07-09 17:34:13] [INFO] 用户登录: 123 (uid=1)
[2026-07-09 17:34:16] [INFO] 用户 123 创建房间 R1 (card)
[2026-07-09 17:34:17] [INFO] 用户 123 选择角色 寒冰法师 (R1)
[2026-07-09 17:34:18] [INFO] 用户 123 准备 (R1)
[2026-07-09 17:34:20] [DEBUG] 匿名连接断开
[2026-07-09 17:34:20] [INFO] WebSocket 连接建立，当前在线 2
[2026-07-09 17:34:23] [INFO] 用户登录: 2 (uid=2)
[2026-07-09 17:34:24] [INFO] 用户 2 加入房间 R1
[2026-07-09 17:34:28] [INFO] 用户 2 选择角色 赌徒 (R1)
[2026-07-09 17:34:29] [INFO] 用户 2 准备 (R1)
[2026-07-09 17:34:33] [INFO] 房间 R1 游戏开始 (card, 2人)
[2026-07-09 17:52:32] [INFO] 用户断开: 2
[2026-07-09 17:52:32] [INFO] WebSocket 连接建立，当前在线 2
[2026-07-09 17:52:36] [INFO] 房间 R1 游戏结束，返回房间
[2026-07-09 17:52:38] [INFO] 用户 123 准备 (R1)
[2026-07-09 17:52:42] [INFO] 用户登录: 111111 (uid=3)
[2026-07-09 17:52:44] [INFO] 用户 111111 加入房间 R1
[2026-07-09 17:52:47] [INFO] 用户 111111 选择角色 赌徒 (R1)
[2026-07-09 17:52:50] [INFO] 用户 111111 选择角色 术士 (R1)
[2026-07-09 17:52:54] [INFO] 用户 111111 准备 (R1)
[2026-07-09 17:52:58] [INFO] 房间 R1 游戏开始 (card, 2人)
[2026-07-09 17:53:00] [DEBUG] 房间 R1 收到 play 消息: 玩家0
[2026-07-09 17:53:02] [DEBUG] 房间 R1 收到 endTurn 消息: 玩家0
[2026-07-09 17:53:08] [DEBUG] 房间 R1 收到 discard 消息: 玩家0
[2026-07-09 17:54:30] [DEBUG] 房间 R1 收到 play 消息: 玩家1
[2026-07-09 17:54:32] [DEBUG] 房间 R1 收到 endTurn 消息: 玩家1
[2026-07-09 17:54:39] [DEBUG] 房间 R1 收到 discard 消息: 玩家1
[2026-07-09 17:54:44] [DEBUG] 房间 R1 收到 play 消息: 玩家0
[2026-07-09 17:54:44] [DEBUG] 房间 R1 收到 endTurn 消息: 玩家0
[2026-07-09 17:54:47] [DEBUG] 房间 R1 收到 discard 消息: 玩家0
[2026-07-09 17:54:50] [DEBUG] 房间 R1 收到 play 消息: 玩家1
[2026-07-09 17:54:52] [DEBUG] 房间 R1 收到 endTurn 消息: 玩家1
[2026-07-09 17:54:54] [DEBUG] 房间 R1 收到 discard 消息: 玩家1
[2026-07-09 17:54:55] [DEBUG] 房间 R1 收到 play 消息: 玩家0
[2026-07-09 17:54:56] [DEBUG] 房间 R1 收到 endTurn 消息: 玩家0
[2026-07-09 17:55:02] [DEBUG] 房间 R1 收到 play 消息: 玩家1
[2026-07-09 17:55:11] [DEBUG] 房间 R1 收到 useSkill 消息: 玩家1
[2026-07-09 17:59:23] [INFO] WebSocket 连接建立，当前在线 1
[2026-07-09 17:59:24] [INFO] WebSocket 连接建立，当前在线 1
[2026-07-09 17:59:28] [DEBUG] 匿名连接断开
[2026-07-09 17:59:28] [INFO] WebSocket 连接建立，当前在线 1
[2026-07-09 17:59:32] [INFO] 用户登录: 去23 (uid=1)
[2026-07-09 17:59:34] [INFO] 用户 去23 创建房间 R1 (card)
[2026-07-09 17:59:36] [INFO] 用户 去23 选择角色 寒冰法师 (R1)
[2026-07-09 17:59:37] [INFO] 用户 去23 准备 (R1)
[2026-07-09 17:59:41] [DEBUG] 匿名连接断开
[2026-07-09 17:59:41] [INFO] WebSocket 连接建立，当前在线 2
[2026-07-09 17:59:43] [INFO] 用户登录: 1 (uid=2)
[2026-07-09 17:59:44] [INFO] 用户 1 加入房间 R1
[2026-07-09 17:59:50] [INFO] 用户 1 选择角色 寒冰法师 (R1)
[2026-07-09 17:59:54] [INFO] 用户 1 选择角色 大法师 (R1)
[2026-07-09 17:59:54] [INFO] 用户 1 选择角色 赌徒 (R1)
[2026-07-09 18:00:07] [INFO] 用户 1 选择角色 圣骑士 (R1)
[2026-07-09 18:00:10] [INFO] 用户 1 准备 (R1)
[2026-07-09 18:00:13] [INFO] 房间 R1 游戏开始 (card, 2人)
[2026-07-09 18:00:15] [DEBUG] 房间 R1 收到 play 消息: 玩家0
[2026-07-09 18:00:16] [DEBUG] 房间 R1 收到 endTurn 消息: 玩家0
[2026-07-09 18:00:22] [DEBUG] 房间 R1 收到 discard 消息: 玩家0
[2026-07-09 18:00:26] [DEBUG] 房间 R1 收到 play 消息: 玩家1
[2026-07-09 18:00:27] [DEBUG] 房间 R1 收到 play 消息: 玩家1
[2026-07-09 18:00:27] [DEBUG] 房间 R1 收到 play 消息: 玩家1
[2026-07-09 18:00:28] [DEBUG] 房间 R1 收到 endTurn 消息: 玩家1
[2026-07-09 18:00:33] [DEBUG] 房间 R1 收到 discard 消息: 玩家1
[2026-07-09 18:00:44] [DEBUG] 房间 R1 收到 endTurn 消息: 玩家0
[2026-07-09 18:00:45] [DEBUG] 房间 R1 收到 discard 消息: 玩家0
[2026-07-09 18:00:47] [DEBUG] 房间 R1 收到 play 消息: 玩家1
[2026-07-09 18:00:48] [DEBUG] 房间 R1 收到 endTurn 消息: 玩家1
[2026-07-09 18:00:50] [DEBUG] 房间 R1 收到 discard 消息: 玩家1
[2026-07-09 18:00:52] [DEBUG] 房间 R1 收到 play 消息: 玩家0
[2026-07-09 18:00:53] [DEBUG] 房间 R1 收到 endTurn 消息: 玩家0
[2026-07-09 18:00:54] [DEBUG] 房间 R1 收到 discard 消息: 玩家0
[2026-07-09 18:00:56] [DEBUG] 房间 R1 收到 play 消息: 玩家1
[2026-07-09 18:00:56] [DEBUG] 房间 R1 收到 play 消息: 玩家1
[2026-07-09 18:00:57] [DEBUG] 房间 R1 收到 endTurn 消息: 玩家1
[2026-07-09 18:01:03] [DEBUG] 房间 R1 收到 useSkill 消息: 玩家0
[2026-07-09 18:01:05] [DEBUG] 房间 R1 收到 play 消息: 玩家0
[2026-07-09 18:01:07] [DEBUG] 房间 R1 收到 endTurn 消息: 玩家0
[2026-07-09 18:01:10] [DEBUG] 房间 R1 收到 discard 消息: 玩家0
[2026-07-09 18:01:13] [DEBUG] 房间 R1 收到 useSkill 消息: 玩家1
[2026-07-09 18:01:18] [DEBUG] 房间 R1 收到 endTurn 消息: 玩家1
[2026-07-09 18:04:26] [DEBUG] 房间 R1 收到 discard 消息: 玩家1
