[2026-07-08 10:47:19] [INFO] WebSocket 连接建立，当前在线 1
[2026-07-08 10:47:19] [INFO] WebSocket 连接建立，当前在线 1
[2026-07-08 10:48:02] [INFO] WebSocket 连接建立，当前在线 1
[2026-07-08 10:48:02] [INFO] WebSocket 连接建立，当前在线 1
[2026-07-08 10:48:02] [INFO] 用户登录: 玩家甲 (uid=1)
[2026-07-08 10:48:02] [INFO] 用户登录: 玩家乙 (uid=2)
[2026-07-08 10:48:02] [INFO] 用户 玩家甲 创建房间 R1 (monopoly)
[2026-07-08 10:48:28] [INFO] WebSocket 连接建立，当前在线 1
[2026-07-08 10:48:28] [INFO] WebSocket 连接建立，当前在线 1
[2026-07-08 10:48:28] [INFO] 用户登录: 玩家甲 (uid=1)
[2026-07-08 10:48:28] [INFO] 用户登录: 玩家乙 (uid=2)
[2026-07-08 10:48:28] [INFO] 用户 玩家甲 创建房间 R1 (monopoly)
[2026-07-08 10:48:28] [INFO] 用户 玩家乙 加入房间 R1
[2026-07-08 10:48:28] [INFO] 用户 玩家甲 准备 (R1)
[2026-07-08 10:48:28] [INFO] 用户 玩家乙 准备 (R1)
[2026-07-08 10:48:28] [DEBUG] [大富翁] R1 新对局开始，共 2 位玩家，每人初始 1500 元，目标 30 回合。
[2026-07-08 10:48:28] [DEBUG] [大富翁] R1 第 1 回合，轮到 玩家甲。
[2026-07-08 10:48:28] [INFO] 房间 R1 游戏开始 (monopoly, 2人)
[2026-07-08 10:48:28] [DEBUG] 房间 R1 收到 roll 消息: 玩家0
[2026-07-08 10:48:28] [DEBUG] [大富翁] R1 玩家甲 掷出 3 + 3 = 6（双点，可再掷）。
[2026-07-08 10:48:28] [DEBUG] [大富翁] R1 玩家甲 到达 监狱。
[2026-07-08 10:48:28] [DEBUG] [大富翁] R1 玩家甲 因双点获得额外一次掷骰。
[2026-07-08 10:55:38] [INFO] WebSocket 连接建立，当前在线 1
[2026-07-08 10:55:38] [INFO] WebSocket 连接建立，当前在线 1
[2026-07-08 10:55:38] [INFO] 用户登录: 甲 (uid=1)
[2026-07-08 10:55:38] [INFO] 用户登录: 乙 (uid=2)
[2026-07-08 10:55:38] [INFO] 用户 甲 创建房间 R1 (monopoly)
[2026-07-08 10:55:38] [INFO] 用户 乙 加入房间 R1
[2026-07-08 10:55:38] [INFO] 用户 甲 准备 (R1)
[2026-07-08 10:55:38] [INFO] 用户 乙 准备 (R1)
[2026-07-08 10:55:39] [DEBUG] [大富翁] R1 新对局开始，共 2 位玩家，每人初始 1500 元，目标 30 回合。
[2026-07-08 10:55:39] [DEBUG] [大富翁] R1 第 1 回合，轮到 甲。
[2026-07-08 10:55:39] [INFO] 房间 R1 游戏开始 (monopoly, 2人)
[2026-07-08 10:55:39] [DEBUG] 房间 R1 收到 roll 消息: 玩家0
[2026-07-08 10:55:39] [DEBUG] [大富翁] R1 甲 掷出 1 + 5 = 6。
[2026-07-08 10:55:39] [DEBUG] [大富翁] R1 甲 到达 监狱。
[2026-07-08 10:55:39] [DEBUG] [大富翁] R1 第 1 回合，轮到 乙。
[2026-07-08 10:55:39] [DEBUG] 房间 R1 收到 roll 消息: 玩家1
[2026-07-08 10:55:39] [DEBUG] [大富翁] R1 乙 掷出 4 + 6 = 10。
[2026-07-08 10:55:39] [DEBUG] [大富翁] R1 乙 到达 武侯祠。
[2026-07-08 10:55:40] [DEBUG] 房间 R1 收到 action 消息: 玩家1
[2026-07-08 10:55:40] [DEBUG] [大富翁] R1 乙 购入 武侯祠，花费 140 元。
[2026-07-08 10:55:40] [DEBUG] [大富翁] R2 第 2 回合，轮到 甲。
[2026-07-08 10:55:40] [DEBUG] 房间 R1 收到 roll 消息: 玩家0
[2026-07-08 10:55:40] [DEBUG] [大富翁] R2 甲 掷出 1 + 4 = 5。
[2026-07-08 10:55:40] [DEBUG] [大富翁] R2 甲 到达 电力公司。
[2026-07-08 10:55:40] [DEBUG] 房间 R1 收到 action 消息: 玩家0
[2026-07-08 10:55:40] [DEBUG] [大富翁] R2 甲 购入 电力公司，花费 150 元。
[2026-07-08 10:55:40] [DEBUG] [大富翁] R2 第 2 回合，轮到 乙。
[2026-07-08 10:55:40] [DEBUG] 房间 R1 收到 roll 消息: 玩家1
[2026-07-08 10:55:40] [DEBUG] [大富翁] R2 乙 掷出 1 + 5 = 6。
[2026-07-08 10:55:40] [DEBUG] [大富翁] R2 乙 到达 机会。
[2026-07-08 10:55:40] [DEBUG] [大富翁] R2 乙 抽到 机会卡：直接去监狱，不经过起点。
[2026-07-08 10:55:40] [DEBUG] [大富翁] R3 第 3 回合，轮到 甲。
[2026-07-08 10:55:41] [DEBUG] 房间 R1 收到 roll 消息: 玩家0
[2026-07-08 10:55:41] [DEBUG] [大富翁] R3 甲 掷出 2 + 2 = 4（双点，可再掷）。
[2026-07-08 10:55:41] [DEBUG] [大富翁] R3 甲 到达 天府广场。
[2026-07-08 10:55:41] [DEBUG] 房间 R1 收到 action 消息: 玩家0
[2026-07-08 10:55:41] [DEBUG] [大富翁] R3 甲 购入 天府广场，花费 180 元。
[2026-07-08 10:55:41] [DEBUG] [大富翁] R3 甲 因双点获得额外一次掷骰。
[2026-07-08 10:55:41] [DEBUG] 房间 R1 收到 roll 消息: 玩家0
[2026-07-08 10:55:41] [DEBUG] [大富翁] R3 甲 掷出 1 + 3 = 4。
[2026-07-08 10:55:41] [DEBUG] [大富翁] R3 甲 到达 命运。
[2026-07-08 10:55:41] [DEBUG] [大富翁] R3 甲 抽到 命运卡：医疗费用，支付 100 元。
[2026-07-08 10:55:41] [DEBUG] [大富翁] R3 第 3 回合，轮到 乙。
[2026-07-08 10:56:31] [INFO] WebSocket 连接建立，当前在线 1
[2026-07-08 10:56:31] [INFO] WebSocket 连接建立，当前在线 1
[2026-07-08 10:56:31] [INFO] 用户登录: 甲 (uid=1)
[2026-07-08 10:56:31] [INFO] 用户登录: 乙 (uid=2)
[2026-07-08 10:56:31] [INFO] 用户 甲 创建房间 R1 (monopoly)
[2026-07-08 10:56:31] [INFO] 用户 乙 加入房间 R1
[2026-07-08 10:56:31] [INFO] 用户 甲 准备 (R1)
[2026-07-08 10:56:31] [INFO] 用户 乙 准备 (R1)
[2026-07-08 10:56:32] [DEBUG] [大富翁] R1 新对局开始，共 2 位玩家，每人初始 1500 元，目标 30 回合。
[2026-07-08 10:56:32] [DEBUG] [大富翁] R1 第 1 回合，轮到 甲。
[2026-07-08 10:56:32] [INFO] 房间 R1 游戏开始 (monopoly, 2人)
[2026-07-08 10:56:32] [DEBUG] 房间 R1 收到 roll 消息: 玩家0
[2026-07-08 10:56:32] [DEBUG] [大富翁] R1 甲 掷出 4 + 6 = 10。
[2026-07-08 10:56:32] [DEBUG] [大富翁] R1 甲 到达 武侯祠。
[2026-07-08 10:56:32] [DEBUG] 房间 R1 收到 action 消息: 玩家0
[2026-07-08 10:56:32] [DEBUG] [大富翁] R1 甲 购入 武侯祠，花费 140 元。
[2026-07-08 10:56:32] [DEBUG] [大富翁] R1 第 1 回合，轮到 乙。
[2026-07-08 10:56:33] [DEBUG] 房间 R1 收到 roll 消息: 玩家1
[2026-07-08 10:56:33] [DEBUG] [大富翁] R1 乙 掷出 2 + 4 = 6。
[2026-07-08 10:56:33] [DEBUG] [大富翁] R1 乙 到达 监狱。
[2026-07-08 10:56:33] [DEBUG] [大富翁] R2 第 2 回合，轮到 甲。
[2026-07-08 10:56:33] [DEBUG] 房间 R1 收到 roll 消息: 玩家0
[2026-07-08 10:56:33] [DEBUG] [大富翁] R2 甲 掷出 6 + 3 = 9。
[2026-07-08 10:56:33] [DEBUG] [大富翁] R2 甲 到达 命运。
[2026-07-08 10:56:33] [DEBUG] [大富翁] R2 甲 抽到 命运卡：出狱卡，可保留以备不时之需。
[2026-07-08 10:56:33] [DEBUG] [大富翁] R2 甲 获得一张出狱卡。
[2026-07-08 10:56:33] [DEBUG] [大富翁] R2 第 2 回合，轮到 乙。
[2026-07-08 10:56:33] [DEBUG] 房间 R1 收到 roll 消息: 玩家1
[2026-07-08 10:56:33] [DEBUG] [大富翁] R2 乙 掷出 4 + 4 = 8（双点，可再掷）。
[2026-07-08 10:56:33] [DEBUG] [大富翁] R2 乙 到达 南站。
[2026-07-08 10:56:34] [DEBUG] 房间 R1 收到 action 消息: 玩家1
[2026-07-08 10:56:34] [DEBUG] [大富翁] R2 乙 购入 南站，花费 200 元。
[2026-07-08 10:56:34] [DEBUG] [大富翁] R2 乙 因双点获得额外一次掷骰。
[2026-07-08 10:56:34] [DEBUG] 房间 R1 收到 roll 消息: 玩家1
[2026-07-08 10:56:34] [DEBUG] [大富翁] R2 乙 掷出 4 + 6 = 10。
[2026-07-08 10:56:34] [DEBUG] [大富翁] R2 乙 经过起点，领取 200 元。
[2026-07-08 10:56:34] [DEBUG] [大富翁] R2 乙 到达 起点。
[2026-07-08 10:56:34] [DEBUG] [大富翁] R2 乙 停在起点，领取 200 元。
[2026-07-08 10:56:34] [DEBUG] [大富翁] R3 第 3 回合，轮到 甲。
[2026-07-08 10:56:35] [DEBUG] 房间 R1 收到 roll 消息: 玩家0
[2026-07-08 10:56:35] [DEBUG] [大富翁] R3 甲 掷出 1 + 3 = 4。
[2026-07-08 10:56:35] [DEBUG] [大富翁] R3 甲 到达 奢侈税。
[2026-07-08 10:56:35] [DEBUG] [大富翁] R3 第 3 回合，轮到 乙。
[2026-07-08 10:56:35] [DEBUG] 房间 R1 收到 roll 消息: 玩家1
[2026-07-08 10:56:35] [DEBUG] [大富翁] R3 乙 掷出 6 + 1 = 7。
[2026-07-08 10:56:35] [DEBUG] [大富翁] R3 乙 到达 锦里。
[2026-07-08 10:56:35] [DEBUG] 房间 R1 收到 action 消息: 玩家1
[2026-07-08 10:56:35] [DEBUG] [大富翁] R3 乙 购入 锦里，花费 100 元。
[2026-07-08 10:56:35] [DEBUG] [大富翁] R4 第 4 回合，轮到 甲。
[2026-07-08 10:56:36] [DEBUG] 房间 R1 收到 roll 消息: 玩家0
[2026-07-08 10:56:36] [DEBUG] [大富翁] R4 甲 掷出 3 + 6 = 9。
[2026-07-08 10:56:36] [DEBUG] [大富翁] R4 甲 经过起点，领取 200 元。
[2026-07-08 10:56:36] [DEBUG] [大富翁] R4 甲 到达 机会。
[2026-07-08 10:56:36] [DEBUG] [大富翁] R4 甲 抽到 机会卡：后退 2 格。
[2026-07-08 10:56:36] [DEBUG] [大富翁] R4 甲 到达 监狱。
[2026-07-08 10:56:36] [DEBUG] [大富翁] R4 第 4 回合，轮到 乙。
[2026-07-08 10:56:36] [DEBUG] 房间 R1 收到 roll 消息: 玩家1
[2026-07-08 10:56:36] [DEBUG] [大富翁] R4 乙 掷出 5 + 4 = 9。
[2026-07-08 10:56:36] [DEBUG] [大富翁] R4 乙 到达 机会。
[2026-07-08 10:56:36] [DEBUG] [大富翁] R4 乙 抽到 机会卡：出狱卡，可保留以备不时之需。
[2026-07-08 10:56:36] [DEBUG] [大富翁] R4 乙 获得一张出狱卡。
[2026-07-08 10:56:36] [DEBUG] [大富翁] R5 第 5 回合，轮到 甲。
[2026-07-08 10:56:37] [DEBUG] 房间 R1 收到 roll 消息: 玩家0
[2026-07-08 10:56:37] [DEBUG] [大富翁] R5 甲 掷出 1 + 4 = 5。
[2026-07-08 10:56:37] [DEBUG] [大富翁] R5 甲 到达 电力公司。
[2026-07-08 10:56:37] [DEBUG] 房间 R1 收到 action 消息: 玩家0
[2026-07-08 10:56:37] [DEBUG] [大富翁] R5 甲 购入 电力公司，花费 150 元。
[2026-07-08 10:56:37] [DEBUG] [大富翁] R5 第 5 回合，轮到 乙。
[2026-07-08 10:56:37] [DEBUG] 房间 R1 收到 roll 消息: 玩家1
[2026-07-08 10:56:37] [DEBUG] [大富翁] R5 乙 掷出 3 + 1 = 4。
[2026-07-08 10:56:37] [DEBUG] [大富翁] R5 乙 到达 都江堰。
[2026-07-08 10:56:38] [DEBUG] 房间 R1 收到 action 消息: 玩家1
[2026-07-08 10:56:38] [DEBUG] [大富翁] R5 乙 购入 都江堰，花费 240 元。
[2026-07-08 10:56:38] [DEBUG] [大富翁] R6 第 6 回合，轮到 甲。
[2026-07-08 10:56:38] [DEBUG] 房间 R1 收到 roll 消息: 玩家0
[2026-07-08 10:56:38] [DEBUG] [大富翁] R6 甲 掷出 5 + 5 = 10（双点，可再掷）。
[2026-07-08 10:56:38] [DEBUG] [大富翁] R6 甲 到达 自来水厂。
[2026-07-08 10:56:39] [DEBUG] 房间 R1 收到 action 消息: 玩家0
[2026-07-08 10:56:39] [DEBUG] [大富翁] R6 甲 购入 自来水厂，花费 150 元。
[2026-07-08 10:56:39] [DEBUG] [大富翁] R6 甲 因双点获得额外一次掷骰。
[2026-07-08 10:56:39] [DEBUG] 房间 R1 收到 roll 消息: 玩家0
[2026-07-08 10:56:39] [DEBUG] [大富翁] R6 甲 掷出 4 + 1 = 5。
[2026-07-08 10:56:39] [DEBUG] [大富翁] R6 甲 经过起点，领取 200 元。
[2026-07-08 10:56:39] [DEBUG] [大富翁] R6 甲 到达 机会。
[2026-07-08 10:56:39] [DEBUG] [大富翁] R6 甲 抽到 机会卡：维修房屋，每座房子付 25 元。
[2026-07-08 10:56:39] [DEBUG] [大富翁] R6 第 6 回合，轮到 乙。
[2026-07-08 10:56:39] [DEBUG] 房间 R1 收到 roll 消息: 玩家1
[2026-07-08 10:56:39] [DEBUG] [大富翁] R6 乙 掷出 5 + 2 = 7。
[2026-07-08 10:56:39] [DEBUG] [大富翁] R6 乙 经过起点，领取 200 元。
[2026-07-08 10:56:39] [DEBUG] [大富翁] R6 乙 到达 太古里。
[2026-07-08 10:56:40] [DEBUG] 房间 R1 收到 action 消息: 玩家1
[2026-07-08 10:56:40] [DEBUG] [大富翁] R6 乙 购入 太古里，花费 80 元。
[2026-07-08 10:56:40] [DEBUG] [大富翁] R7 第 7 回合，轮到 甲。
[2026-07-08 10:56:40] [DEBUG] 房间 R1 收到 roll 消息: 玩家0
[2026-07-08 10:56:40] [DEBUG] [大富翁] R7 甲 掷出 1 + 6 = 7。
[2026-07-08 10:56:40] [DEBUG] [大富翁] R7 甲 到达 宽窄巷子。
[2026-07-08 10:56:41] [DEBUG] 房间 R1 收到 action 消息: 玩家0
[2026-07-08 10:56:41] [DEBUG] [大富翁] R7 甲 购入 宽窄巷子，花费 120 元。
[2026-07-08 10:56:41] [DEBUG] [大富翁] R7 第 7 回合，轮到 乙。
[2026-07-08 10:56:41] [DEBUG] 房间 R1 收到 roll 消息: 玩家1
[2026-07-08 10:56:41] [DEBUG] [大富翁] R7 乙 掷出 2 + 4 = 6。
[2026-07-08 10:56:41] [DEBUG] [大富翁] R7 乙 到达 宽窄巷子。
[2026-07-08 10:56:41] [DEBUG] [大富翁] R7 乙 进入 甲 的领地 宽窄巷子，需付过路费 8 元。
[2026-07-08 10:56:41] [DEBUG] [大富翁] R8 第 8 回合，轮到 甲。
[2026-07-08 10:56:41] [DEBUG] 房间 R1 收到 roll 消息: 玩家0
[2026-07-08 10:56:41] [DEBUG] [大富翁] R8 甲 掷出 2 + 3 = 5。
[2026-07-08 10:56:41] [DEBUG] [大富翁] R8 甲 到达 南站。
[2026-07-08 10:56:41] [DEBUG] [大富翁] R8 甲 进入 乙 的领地 南站，需付过路费 25 元。
[2026-07-08 10:56:41] [DEBUG] [大富翁] R8 第 8 回合，轮到 乙。
[2026-07-08 10:56:42] [DEBUG] 房间 R1 收到 roll 消息: 玩家1
[2026-07-08 10:56:42] [DEBUG] [大富翁] R8 乙 掷出 6 + 3 = 9。
[2026-07-08 10:56:42] [DEBUG] [大富翁] R8 乙 到达 金沙遗址。
[2026-07-08 10:56:42] [DEBUG] 房间 R1 收到 action 消息: 玩家1
[2026-07-08 10:56:42] [DEBUG] [大富翁] R8 乙 购入 金沙遗址，花费 220 元。
[2026-07-08 10:56:42] [DEBUG] [大富翁] R9 第 9 回合，轮到 甲。
[2026-07-08 10:56:42] [DEBUG] 房间 R1 收到 roll 消息: 玩家0
[2026-07-08 10:56:42] [DEBUG] [大富翁] R9 甲 掷出 2 + 3 = 5。
[2026-07-08 10:56:42] [DEBUG] [大富翁] R9 甲 到达 命运。
[2026-07-08 10:56:42] [DEBUG] [大富翁] R9 甲 抽到 命运卡：中彩票，获得 200 元。
[2026-07-08 10:56:42] [DEBUG] [大富翁] R9 甲 获得 200 元。
[2026-07-08 10:56:42] [DEBUG] [大富翁] R9 第 9 回合，轮到 乙。
[2026-07-08 10:56:43] [DEBUG] 房间 R1 收到 roll 消息: 玩家1
[2026-07-08 10:56:43] [DEBUG] [大富翁] R9 乙 掷出 2 + 2 = 4（双点，可再掷）。
[2026-07-08 10:56:43] [DEBUG] [大富翁] R9 乙 到达 青城山。
[2026-07-08 10:56:43] [DEBUG] 房间 R1 收到 action 消息: 玩家1
[2026-07-08 10:56:43] [DEBUG] [大富翁] R9 乙 购入 青城山，花费 280 元。
[2026-07-08 10:56:43] [DEBUG] [大富翁] R9 乙 因双点获得额外一次掷骰。
[2026-07-08 10:56:44] [DEBUG] 房间 R1 收到 roll 消息: 玩家1
[2026-07-08 10:56:44] [DEBUG] [大富翁] R9 乙 掷出 1 + 6 = 7。
[2026-07-08 10:56:44] [DEBUG] [大富翁] R9 乙 经过起点，领取 200 元。
[2026-07-08 10:56:44] [DEBUG] [大富翁] R9 乙 到达 东站。
[2026-07-08 10:56:44] [DEBUG] 房间 R1 收到 action 消息: 玩家1
[2026-07-08 10:56:44] [DEBUG] [大富翁] R9 乙 购入 东站，花费 200 元。
[2026-07-08 10:56:44] [DEBUG] [大富翁] R10 第 10 回合，轮到 甲。
[2026-07-08 10:56:44] [DEBUG] 房间 R1 收到 roll 消息: 玩家0
[2026-07-08 10:56:44] [DEBUG] [大富翁] R10 甲 掷出 5 + 5 = 10（双点，可再掷）。
[2026-07-08 10:56:44] [DEBUG] [大富翁] R10 甲 经过起点，领取 200 元。
[2026-07-08 10:56:44] [DEBUG] [大富翁] R10 甲 到达 东站。
[2026-07-08 10:56:44] [DEBUG] [大富翁] R10 甲 进入 乙 的领地 东站，需付过路费 50 元。
[2026-07-08 10:56:44] [DEBUG] [大富翁] R10 甲 因双点获得额外一次掷骰。
[2026-07-08 10:56:45] [DEBUG] 房间 R1 收到 roll 消息: 玩家0
[2026-07-08 10:56:45] [DEBUG] [大富翁] R10 甲 掷出 4 + 4 = 8（双点，可再掷）。
[2026-07-08 10:56:45] [DEBUG] [大富翁] R10 甲 到达 命运。
[2026-07-08 10:56:45] [DEBUG] [大富翁] R10 甲 抽到 命运卡：直接去监狱，不经过起点。
[2026-07-08 10:56:45] [DEBUG] [大富翁] R10 第 10 回合，轮到 乙。
[2026-07-08 10:56:45] [DEBUG] 房间 R1 收到 roll 消息: 玩家1
[2026-07-08 10:56:45] [DEBUG] [大富翁] R10 乙 掷出 4 + 4 = 8（双点，可再掷）。
[2026-07-08 10:56:45] [DEBUG] [大富翁] R10 乙 到达 命运。
[2026-07-08 10:56:45] [DEBUG] [大富翁] R10 乙 抽到 命运卡：股票分红，获得 150 元。
[2026-07-08 10:56:45] [DEBUG] [大富翁] R10 乙 获得 150 元。
[2026-07-08 10:56:45] [DEBUG] [大富翁] R10 乙 因双点获得额外一次掷骰。
[2026-07-08 10:56:46] [DEBUG] 房间 R1 收到 roll 消息: 玩家1
[2026-07-08 10:56:46] [DEBUG] [大富翁] R10 乙 掷出 6 + 3 = 9。
[2026-07-08 10:56:46] [DEBUG] [大富翁] R10 乙 到达 青城山。
[2026-07-08 10:56:46] [DEBUG] [大富翁] R11 第 11 回合，轮到 甲。
[2026-07-08 10:58:52] [INFO] WebSocket 连接建立，当前在线 1
[2026-07-08 10:58:52] [INFO] WebSocket 连接建立，当前在线 1
[2026-07-08 10:58:52] [INFO] 用户登录: 甲 (uid=1)
[2026-07-08 10:58:52] [INFO] 用户登录: 乙 (uid=2)
[2026-07-08 10:58:52] [INFO] 用户 甲 创建房间 R1 (monopoly)
[2026-07-08 10:58:52] [INFO] 用户 乙 加入房间 R1
[2026-07-08 10:58:52] [INFO] 用户 甲 准备 (R1)
[2026-07-08 10:58:52] [INFO] 用户 乙 准备 (R1)
[2026-07-08 10:58:52] [DEBUG] [大富翁] R1 新对局开始，共 2 位玩家，每人初始 1500 元，目标 30 回合。
[2026-07-08 10:58:52] [DEBUG] [大富翁] R1 第 1 回合，轮到 甲。
[2026-07-08 10:58:52] [INFO] 房间 R1 游戏开始 (monopoly, 2人)
[2026-07-08 10:58:52] [DEBUG] 房间 R1 收到 roll 消息: 玩家0
[2026-07-08 10:58:52] [DEBUG] [大富翁] R1 甲 掷出 1 + 5 = 6。
[2026-07-08 10:58:52] [DEBUG] [大富翁] R1 甲 到达 监狱。
[2026-07-08 10:58:52] [DEBUG] [大富翁] R1 第 1 回合，轮到 乙。
[2026-07-08 10:58:53] [DEBUG] 房间 R1 收到 roll 消息: 玩家1
[2026-07-08 10:58:53] [DEBUG] [大富翁] R1 乙 掷出 6 + 5 = 11。
[2026-07-08 10:58:53] [DEBUG] [大富翁] R1 乙 到达 电力公司。
[2026-07-08 10:58:53] [DEBUG] 房间 R1 收到 action 消息: 玩家1
[2026-07-08 10:58:53] [DEBUG] [大富翁] R1 乙 购入 电力公司，花费 150 元。
[2026-07-08 10:58:53] [DEBUG] [大富翁] R2 第 2 回合，轮到 甲。
[2026-07-08 10:58:53] [DEBUG] 房间 R1 收到 roll 消息: 玩家0
[2026-07-08 10:58:53] [DEBUG] [大富翁] R2 甲 掷出 5 + 1 = 6。
[2026-07-08 10:58:53] [DEBUG] [大富翁] R2 甲 到达 杜甫草堂。
[2026-07-08 10:58:54] [DEBUG] 房间 R1 收到 action 消息: 玩家0
[2026-07-08 10:58:54] [DEBUG] [大富翁] R2 甲 购入 杜甫草堂，花费 160 元。
[2026-07-08 10:58:54] [DEBUG] [大富翁] R2 第 2 回合，轮到 乙。
[2026-07-08 10:58:54] [DEBUG] 房间 R1 收到 roll 消息: 玩家1
[2026-07-08 10:58:54] [DEBUG] [大富翁] R2 乙 掷出 3 + 5 = 8。
[2026-07-08 10:58:54] [DEBUG] [大富翁] R2 乙 到达 命运。
[2026-07-08 10:58:54] [DEBUG] [大富翁] R2 乙 抽到 命运卡：遗产继承，获得 200 元。
[2026-07-08 10:58:54] [DEBUG] [大富翁] R2 乙 获得 200 元。
[2026-07-08 10:58:54] [DEBUG] [大富翁] R3 第 3 回合，轮到 甲。
[2026-07-08 10:58:55] [DEBUG] 房间 R1 收到 roll 消息: 玩家0
[2026-07-08 10:58:55] [DEBUG] [大富翁] R3 甲 掷出 5 + 2 = 7。
[2026-07-08 10:58:55] [DEBUG] [大富翁] R3 甲 到达 命运。
[2026-07-08 10:58:55] [DEBUG] [大富翁] R3 甲 抽到 命运卡：请每位玩家吃饭，付给每人 50 元。
[2026-07-08 10:58:55] [DEBUG] [大富翁] R3 甲 付给每位玩家 50 元。
[2026-07-08 10:58:55] [DEBUG] [大富翁] R3 第 3 回合，轮到 乙。
[2026-07-08 10:58:55] [DEBUG] 房间 R1 收到 roll 消息: 玩家1
[2026-07-08 10:58:55] [DEBUG] [大富翁] R3 乙 掷出 3 + 5 = 8。
[2026-07-08 10:58:55] [DEBUG] [大富翁] R3 乙 经过起点，领取 200 元。
[2026-07-08 10:58:55] [DEBUG] [大富翁] R3 乙 到达 太古里。
[2026-07-08 10:58:56] [DEBUG] 房间 R1 收到 action 消息: 玩家1
[2026-07-08 10:58:56] [DEBUG] [大富翁] R3 乙 购入 太古里，花费 80 元。
[2026-07-08 10:58:56] [DEBUG] [大富翁] R4 第 4 回合，轮到 甲。
[2026-07-08 10:58:56] [DEBUG] 房间 R1 收到 roll 消息: 玩家0
[2026-07-08 10:58:56] [DEBUG] [大富翁] R4 甲 掷出 6 + 2 = 8。
[2026-07-08 10:58:56] [DEBUG] [大富翁] R4 甲 经过起点，领取 200 元。
[2026-07-08 10:58:56] [DEBUG] [大富翁] R4 甲 到达 太古里。
[2026-07-08 10:58:56] [DEBUG] [大富翁] R4 甲 进入 乙 的领地 太古里，需付过路费 4 元。
[2026-07-08 10:58:56] [DEBUG] [大富翁] R4 第 4 回合，轮到 乙。
[2026-07-08 10:58:56] [DEBUG] 房间 R1 收到 roll 消息: 玩家1
[2026-07-08 10:58:56] [DEBUG] [大富翁] R4 乙 掷出 3 + 2 = 5。
[2026-07-08 10:58:56] [DEBUG] [大富翁] R4 乙 到达 机会。
[2026-07-08 10:58:56] [DEBUG] [大富翁] R4 乙 抽到 机会卡：生日快乐！每位玩家送你 50 元。
[2026-07-08 10:58:56] [DEBUG] [大富翁] R4 乙 从其他玩家处共收到 50 元。
[2026-07-08 10:58:56] [DEBUG] [大富翁] R5 第 5 回合，轮到 甲。
[2026-07-08 10:58:57] [DEBUG] 房间 R1 收到 roll 消息: 玩家0
[2026-07-08 10:58:57] [DEBUG] [大富翁] R5 甲 掷出 2 + 3 = 5。
[2026-07-08 10:58:57] [DEBUG] [大富翁] R5 甲 到达 机会。
[2026-07-08 10:58:57] [DEBUG] [大富翁] R5 甲 抽到 机会卡：前进到起点，领取 200 元。
[2026-07-08 10:58:57] [DEBUG] [大富翁] R5 甲 经过起点，领取 200 元。
[2026-07-08 10:58:57] [DEBUG] [大富翁] R5 甲 到达 起点。
[2026-07-08 10:58:57] [DEBUG] [大富翁] R5 甲 停在起点，领取 200 元。
[2026-07-08 10:58:57] [DEBUG] [大富翁] R5 第 5 回合，轮到 乙。
[2026-07-08 10:58:57] [DEBUG] 房间 R1 收到 roll 消息: 玩家1
[2026-07-08 10:58:57] [DEBUG] [大富翁] R5 乙 掷出 4 + 5 = 9。
[2026-07-08 10:58:57] [DEBUG] [大富翁] R5 乙 到达 熊猫基地。
[2026-07-08 10:58:58] [DEBUG] 房间 R1 收到 action 消息: 玩家1
[2026-07-08 10:58:58] [DEBUG] [大富翁] R5 乙 购入 熊猫基地，花费 200 元。
[2026-07-08 10:58:58] [DEBUG] [大富翁] R6 第 6 回合，轮到 甲。
[2026-07-08 10:58:58] [DEBUG] 房间 R1 收到 roll 消息: 玩家0
[2026-07-08 10:58:58] [DEBUG] [大富翁] R6 甲 掷出 2 + 1 = 3。
[2026-07-08 10:58:58] [DEBUG] [大富翁] R6 甲 到达 太古里。
[2026-07-08 10:58:58] [DEBUG] [大富翁] R6 甲 进入 乙 的领地 太古里，需付过路费 4 元。
[2026-07-08 10:58:58] [DEBUG] [大富翁] R6 第 6 回合，轮到 乙。
[2026-07-08 10:58:58] [DEBUG] 房间 R1 收到 roll 消息: 玩家1
[2026-07-08 10:58:58] [DEBUG] [大富翁] R6 乙 掷出 5 + 6 = 11。
[2026-07-08 10:58:58] [DEBUG] [大富翁] R6 乙 经过起点，领取 200 元。
[2026-07-08 10:58:58] [DEBUG] [大富翁] R6 乙 到达 所得税。
[2026-07-08 10:58:58] [DEBUG] [大富翁] R7 第 7 回合，轮到 甲。
[2026-07-08 10:58:59] [DEBUG] 房间 R1 收到 roll 消息: 玩家0
[2026-07-08 10:58:59] [DEBUG] [大富翁] R7 甲 掷出 5 + 5 = 10（双点，可再掷）。
[2026-07-08 10:58:59] [DEBUG] [大富翁] R7 甲 到达 命运。
[2026-07-08 10:58:59] [DEBUG] [大富翁] R7 甲 抽到 命运卡：医疗费用，支付 100 元。
[2026-07-08 10:58:59] [DEBUG] [大富翁] R7 甲 因双点获得额外一次掷骰。
[2026-07-08 10:58:59] [DEBUG] 房间 R1 收到 roll 消息: 玩家0
[2026-07-08 10:58:59] [DEBUG] [大富翁] R7 甲 掷出 1 + 5 = 6。
[2026-07-08 10:58:59] [DEBUG] [大富翁] R7 甲 到达 命运。
[2026-07-08 10:58:59] [DEBUG] [大富翁] R7 甲 抽到 命运卡：出狱卡，可保留以备不时之需。
[2026-07-08 10:58:59] [DEBUG] [大富翁] R7 甲 获得一张出狱卡。
[2026-07-08 10:58:59] [DEBUG] [大富翁] R7 第 7 回合，轮到 乙。
[2026-07-08 10:59:00] [DEBUG] 房间 R1 收到 roll 消息: 玩家1
[2026-07-08 10:59:00] [DEBUG] [大富翁] R7 乙 掷出 1 + 2 = 3。
[2026-07-08 10:59:00] [DEBUG] [大富翁] R7 乙 到达 锦里。
[2026-07-08 10:59:00] [DEBUG] 房间 R1 收到 action 消息: 玩家1
[2026-07-08 10:59:00] [DEBUG] [大富翁] R7 乙 购入 锦里，花费 100 元。
[2026-07-08 10:59:00] [DEBUG] [大富翁] R8 第 8 回合，轮到 甲。
[2026-07-08 10:59:00] [DEBUG] 房间 R1 收到 roll 消息: 玩家0
[2026-07-08 10:59:00] [DEBUG] [大富翁] R8 甲 掷出 6 + 4 = 10。
[2026-07-08 10:59:00] [DEBUG] [大富翁] R8 甲 经过起点，领取 200 元。
[2026-07-08 10:59:00] [DEBUG] [大富翁] R8 甲 到达 东站。
[2026-07-08 10:59:01] [DEBUG] 房间 R1 收到 action 消息: 玩家0
[2026-07-08 10:59:01] [DEBUG] [大富翁] R8 甲 购入 东站，花费 200 元。
[2026-07-08 10:59:01] [DEBUG] [大富翁] R8 第 8 回合，轮到 乙。
[2026-07-08 10:59:01] [DEBUG] 房间 R1 收到 roll 消息: 玩家1
[2026-07-08 10:59:01] [DEBUG] [大富翁] R8 乙 掷出 6 + 6 = 12（双点，可再掷）。
[2026-07-08 10:59:01] [DEBUG] [大富翁] R8 乙 到达 命运。
[2026-07-08 10:59:01] [DEBUG] [大富翁] R8 乙 抽到 命运卡：直接去监狱，不经过起点。
[2026-07-08 10:59:01] [DEBUG] [大富翁] R9 第 9 回合，轮到 甲。
[2026-07-08 10:59:02] [DEBUG] 房间 R1 收到 roll 消息: 玩家0
[2026-07-08 10:59:02] [DEBUG] [大富翁] R9 甲 掷出 1 + 5 = 6。
[2026-07-08 10:59:02] [DEBUG] [大富翁] R9 甲 到达 电力公司。
[2026-07-08 10:59:02] [DEBUG] [大富翁] R9 甲 进入 乙 的领地 电力公司，需付过路费 24 元。
[2026-07-08 10:59:02] [DEBUG] [大富翁] R9 第 9 回合，轮到 乙。
[2026-07-08 10:59:02] [DEBUG] 房间 R1 收到 roll 消息: 玩家1
[2026-07-08 10:59:02] [DEBUG] 房间 R1 收到 roll 消息: 玩家1
[2026-07-08 10:59:03] [DEBUG] 房间 R1 收到 roll 消息: 玩家1
[2026-07-08 10:59:03] [DEBUG] 房间 R1 收到 roll 消息: 玩家1
[2026-07-08 10:59:04] [DEBUG] 房间 R1 收到 roll 消息: 玩家1
[2026-07-08 10:59:04] [DEBUG] 房间 R1 收到 roll 消息: 玩家1
[2026-07-08 10:59:05] [DEBUG] 房间 R1 收到 roll 消息: 玩家1
[2026-07-08 10:59:05] [DEBUG] 房间 R1 收到 roll 消息: 玩家1
[2026-07-08 10:59:05] [DEBUG] 房间 R1 收到 roll 消息: 玩家1
[2026-07-08 10:59:06] [DEBUG] 房间 R1 收到 roll 消息: 玩家1
[2026-07-08 10:59:06] [DEBUG] 房间 R1 收到 roll 消息: 玩家1
[2026-07-08 10:59:07] [DEBUG] 房间 R1 收到 roll 消息: 玩家1
[2026-07-08 10:59:07] [DEBUG] 房间 R1 收到 roll 消息: 玩家1
[2026-07-08 10:59:08] [DEBUG] 房间 R1 收到 roll 消息: 玩家1
[2026-07-08 10:59:08] [DEBUG] 房间 R1 收到 roll 消息: 玩家1
[2026-07-08 10:59:08] [DEBUG] 房间 R1 收到 roll 消息: 玩家1
[2026-07-08 10:59:09] [DEBUG] 房间 R1 收到 roll 消息: 玩家1
[2026-07-08 10:59:09] [DEBUG] 房间 R1 收到 roll 消息: 玩家1
[2026-07-08 10:59:10] [DEBUG] 房间 R1 收到 roll 消息: 玩家1
[2026-07-08 10:59:10] [DEBUG] 房间 R1 收到 roll 消息: 玩家1
[2026-07-08 10:59:10] [DEBUG] 房间 R1 收到 roll 消息: 玩家1
[2026-07-08 10:59:11] [DEBUG] 房间 R1 收到 roll 消息: 玩家1
[2026-07-08 10:59:11] [DEBUG] 房间 R1 收到 roll 消息: 玩家1
[2026-07-08 10:59:12] [DEBUG] 房间 R1 收到 roll 消息: 玩家1
[2026-07-08 10:59:12] [DEBUG] 房间 R1 收到 roll 消息: 玩家1
[2026-07-08 10:59:13] [DEBUG] 房间 R1 收到 roll 消息: 玩家1
[2026-07-08 10:59:13] [DEBUG] 房间 R1 收到 roll 消息: 玩家1
[2026-07-08 10:59:13] [DEBUG] 房间 R1 收到 roll 消息: 玩家1
[2026-07-08 10:59:14] [DEBUG] 房间 R1 收到 roll 消息: 玩家1
[2026-07-08 10:59:14] [DEBUG] 房间 R1 收到 roll 消息: 玩家1
[2026-07-08 10:59:15] [DEBUG] 房间 R1 收到 roll 消息: 玩家1
[2026-07-08 10:59:15] [DEBUG] 房间 R1 收到 roll 消息: 玩家1
[2026-07-08 10:59:16] [DEBUG] 房间 R1 收到 roll 消息: 玩家1
[2026-07-08 10:59:16] [DEBUG] 房间 R1 收到 roll 消息: 玩家1
[2026-07-08 10:59:16] [DEBUG] 房间 R1 收到 roll 消息: 玩家1
[2026-07-08 10:59:17] [DEBUG] 房间 R1 收到 roll 消息: 玩家1
[2026-07-08 10:59:17] [DEBUG] 房间 R1 收到 roll 消息: 玩家1
[2026-07-08 10:59:18] [DEBUG] 房间 R1 收到 roll 消息: 玩家1
[2026-07-08 10:59:18] [DEBUG] 房间 R1 收到 roll 消息: 玩家1
[2026-07-08 10:59:19] [DEBUG] 房间 R1 收到 roll 消息: 玩家1
[2026-07-08 10:59:19] [DEBUG] 房间 R1 收到 roll 消息: 玩家1
[2026-07-08 10:59:19] [DEBUG] 房间 R1 收到 roll 消息: 玩家1
[2026-07-08 10:59:20] [DEBUG] 房间 R1 收到 roll 消息: 玩家1
[2026-07-08 10:59:20] [DEBUG] 房间 R1 收到 roll 消息: 玩家1
[2026-07-08 10:59:21] [DEBUG] 房间 R1 收到 roll 消息: 玩家1
[2026-07-08 10:59:21] [DEBUG] 房间 R1 收到 roll 消息: 玩家1
[2026-07-08 10:59:22] [DEBUG] 房间 R1 收到 roll 消息: 玩家1
[2026-07-08 10:59:22] [DEBUG] 房间 R1 收到 roll 消息: 玩家1
[2026-07-08 10:59:22] [DEBUG] 房间 R1 收到 roll 消息: 玩家1
[2026-07-08 10:59:23] [DEBUG] 房间 R1 收到 roll 消息: 玩家1
[2026-07-08 10:59:23] [DEBUG] 房间 R1 收到 roll 消息: 玩家1
[2026-07-08 10:59:24] [DEBUG] 房间 R1 收到 roll 消息: 玩家1
[2026-07-08 10:59:24] [DEBUG] 房间 R1 收到 roll 消息: 玩家1
[2026-07-08 10:59:25] [DEBUG] 房间 R1 收到 roll 消息: 玩家1
[2026-07-08 10:59:25] [DEBUG] 房间 R1 收到 roll 消息: 玩家1
[2026-07-08 10:59:25] [DEBUG] 房间 R1 收到 roll 消息: 玩家1
[2026-07-08 10:59:26] [DEBUG] 房间 R1 收到 roll 消息: 玩家1
[2026-07-08 10:59:26] [DEBUG] 房间 R1 收到 roll 消息: 玩家1
[2026-07-08 10:59:27] [DEBUG] 房间 R1 收到 roll 消息: 玩家1
[2026-07-08 10:59:27] [DEBUG] 房间 R1 收到 roll 消息: 玩家1
[2026-07-08 10:59:28] [DEBUG] 房间 R1 收到 roll 消息: 玩家1
[2026-07-08 10:59:28] [DEBUG] 房间 R1 收到 roll 消息: 玩家1
[2026-07-08 10:59:28] [DEBUG] 房间 R1 收到 roll 消息: 玩家1
[2026-07-08 10:59:29] [DEBUG] 房间 R1 收到 roll 消息: 玩家1
[2026-07-08 10:59:29] [DEBUG] 房间 R1 收到 roll 消息: 玩家1
[2026-07-08 10:59:30] [DEBUG] 房间 R1 收到 roll 消息: 玩家1
[2026-07-08 10:59:30] [DEBUG] 房间 R1 收到 roll 消息: 玩家1
[2026-07-08 10:59:31] [DEBUG] 房间 R1 收到 roll 消息: 玩家1
[2026-07-08 10:59:31] [DEBUG] 房间 R1 收到 roll 消息: 玩家1
[2026-07-08 10:59:31] [DEBUG] 房间 R1 收到 roll 消息: 玩家1
[2026-07-08 10:59:32] [DEBUG] 房间 R1 收到 roll 消息: 玩家1
[2026-07-08 10:59:32] [DEBUG] 房间 R1 收到 roll 消息: 玩家1
[2026-07-08 10:59:33] [DEBUG] 房间 R1 收到 roll 消息: 玩家1
[2026-07-08 10:59:33] [DEBUG] 房间 R1 收到 roll 消息: 玩家1
[2026-07-08 10:59:34] [DEBUG] 房间 R1 收到 roll 消息: 玩家1
[2026-07-08 10:59:34] [DEBUG] 房间 R1 收到 roll 消息: 玩家1
[2026-07-08 10:59:34] [DEBUG] 房间 R1 收到 roll 消息: 玩家1
[2026-07-08 10:59:35] [DEBUG] 房间 R1 收到 roll 消息: 玩家1
[2026-07-08 10:59:35] [DEBUG] 房间 R1 收到 roll 消息: 玩家1
[2026-07-08 10:59:36] [DEBUG] 房间 R1 收到 roll 消息: 玩家1
[2026-07-08 10:59:36] [DEBUG] 房间 R1 收到 roll 消息: 玩家1
[2026-07-08 10:59:37] [DEBUG] 房间 R1 收到 roll 消息: 玩家1
[2026-07-08 10:59:37] [DEBUG] 房间 R1 收到 roll 消息: 玩家1
[2026-07-08 10:59:37] [DEBUG] 房间 R1 收到 roll 消息: 玩家1
[2026-07-08 10:59:38] [DEBUG] 房间 R1 收到 roll 消息: 玩家1
[2026-07-08 10:59:38] [DEBUG] 房间 R1 收到 roll 消息: 玩家1
[2026-07-08 10:59:39] [DEBUG] 房间 R1 收到 roll 消息: 玩家1
[2026-07-08 10:59:39] [DEBUG] 房间 R1 收到 roll 消息: 玩家1
[2026-07-08 10:59:40] [DEBUG] 房间 R1 收到 roll 消息: 玩家1
[2026-07-08 10:59:40] [DEBUG] 房间 R1 收到 roll 消息: 玩家1
[2026-07-08 10:59:40] [DEBUG] 房间 R1 收到 roll 消息: 玩家1
[2026-07-08 10:59:41] [DEBUG] 房间 R1 收到 roll 消息: 玩家1
[2026-07-08 10:59:41] [DEBUG] 房间 R1 收到 roll 消息: 玩家1
[2026-07-08 10:59:42] [DEBUG] 房间 R1 收到 roll 消息: 玩家1
[2026-07-08 10:59:42] [DEBUG] 房间 R1 收到 roll 消息: 玩家1
[2026-07-08 10:59:43] [DEBUG] 房间 R1 收到 roll 消息: 玩家1
[2026-07-08 10:59:43] [DEBUG] 房间 R1 收到 roll 消息: 玩家1
[2026-07-08 10:59:43] [DEBUG] 房间 R1 收到 roll 消息: 玩家1
[2026-07-08 10:59:44] [DEBUG] 房间 R1 收到 roll 消息: 玩家1
[2026-07-08 10:59:44] [DEBUG] 房间 R1 收到 roll 消息: 玩家1
[2026-07-08 10:59:45] [DEBUG] 房间 R1 收到 roll 消息: 玩家1
[2026-07-08 10:59:45] [DEBUG] 房间 R1 收到 roll 消息: 玩家1
[2026-07-08 10:59:46] [DEBUG] 房间 R1 收到 roll 消息: 玩家1
[2026-07-08 10:59:46] [DEBUG] 房间 R1 收到 roll 消息: 玩家1
[2026-07-08 10:59:46] [DEBUG] 房间 R1 收到 roll 消息: 玩家1
[2026-07-08 10:59:47] [DEBUG] 房间 R1 收到 roll 消息: 玩家1
[2026-07-08 10:59:47] [DEBUG] 房间 R1 收到 roll 消息: 玩家1
[2026-07-08 10:59:48] [DEBUG] 房间 R1 收到 roll 消息: 玩家1
[2026-07-08 10:59:48] [DEBUG] 房间 R1 收到 roll 消息: 玩家1
[2026-07-08 10:59:49] [DEBUG] 房间 R1 收到 roll 消息: 玩家1
[2026-07-08 10:59:49] [DEBUG] 房间 R1 收到 roll 消息: 玩家1
[2026-07-08 10:59:49] [DEBUG] 房间 R1 收到 roll 消息: 玩家1
[2026-07-08 10:59:50] [DEBUG] 房间 R1 收到 roll 消息: 玩家1
[2026-07-08 10:59:50] [DEBUG] 房间 R1 收到 roll 消息: 玩家1
[2026-07-08 10:59:51] [DEBUG] 房间 R1 收到 roll 消息: 玩家1
[2026-07-08 10:59:51] [DEBUG] 房间 R1 收到 roll 消息: 玩家1
[2026-07-08 10:59:52] [DEBUG] 房间 R1 收到 roll 消息: 玩家1
[2026-07-08 10:59:52] [DEBUG] 房间 R1 收到 roll 消息: 玩家1
[2026-07-08 10:59:52] [DEBUG] 房间 R1 收到 roll 消息: 玩家1
[2026-07-08 10:59:53] [DEBUG] 房间 R1 收到 roll 消息: 玩家1
[2026-07-08 10:59:53] [DEBUG] 房间 R1 收到 roll 消息: 玩家1
[2026-07-08 10:59:54] [DEBUG] 房间 R1 收到 roll 消息: 玩家1
[2026-07-08 10:59:54] [DEBUG] 房间 R1 收到 roll 消息: 玩家1
[2026-07-08 10:59:55] [DEBUG] 房间 R1 收到 roll 消息: 玩家1
[2026-07-08 10:59:55] [DEBUG] 房间 R1 收到 roll 消息: 玩家1
[2026-07-08 10:59:55] [DEBUG] 房间 R1 收到 roll 消息: 玩家1
[2026-07-08 10:59:56] [DEBUG] 房间 R1 收到 roll 消息: 玩家1
[2026-07-08 10:59:56] [DEBUG] 房间 R1 收到 roll 消息: 玩家1
[2026-07-08 10:59:57] [DEBUG] 房间 R1 收到 roll 消息: 玩家1
[2026-07-08 10:59:57] [DEBUG] 房间 R1 收到 roll 消息: 玩家1
[2026-07-08 10:59:58] [DEBUG] 房间 R1 收到 roll 消息: 玩家1
[2026-07-08 10:59:58] [DEBUG] 房间 R1 收到 roll 消息: 玩家1
[2026-07-08 10:59:58] [DEBUG] 房间 R1 收到 roll 消息: 玩家1
[2026-07-08 10:59:59] [DEBUG] 房间 R1 收到 roll 消息: 玩家1
[2026-07-08 10:59:59] [DEBUG] 房间 R1 收到 roll 消息: 玩家1
[2026-07-08 11:00:00] [DEBUG] 房间 R1 收到 roll 消息: 玩家1
[2026-07-08 11:00:00] [DEBUG] 房间 R1 收到 roll 消息: 玩家1
[2026-07-08 11:00:01] [DEBUG] 房间 R1 收到 roll 消息: 玩家1
[2026-07-08 11:00:01] [DEBUG] 房间 R1 收到 roll 消息: 玩家1
[2026-07-08 11:00:01] [DEBUG] 房间 R1 收到 roll 消息: 玩家1
[2026-07-08 11:00:02] [DEBUG] 房间 R1 收到 roll 消息: 玩家1
[2026-07-08 11:00:02] [DEBUG] 房间 R1 收到 roll 消息: 玩家1
[2026-07-08 11:00:03] [DEBUG] 房间 R1 收到 roll 消息: 玩家1
[2026-07-08 11:00:03] [DEBUG] 房间 R1 收到 roll 消息: 玩家1
[2026-07-08 11:00:04] [DEBUG] 房间 R1 收到 roll 消息: 玩家1
[2026-07-08 11:00:04] [DEBUG] 房间 R1 收到 roll 消息: 玩家1
[2026-07-08 11:00:04] [DEBUG] 房间 R1 收到 roll 消息: 玩家1
[2026-07-08 11:00:05] [DEBUG] 房间 R1 收到 roll 消息: 玩家1
[2026-07-08 11:00:05] [DEBUG] 房间 R1 收到 roll 消息: 玩家1
[2026-07-08 11:00:06] [DEBUG] 房间 R1 收到 roll 消息: 玩家1
[2026-07-08 11:00:06] [DEBUG] 房间 R1 收到 roll 消息: 玩家1
[2026-07-08 11:00:07] [DEBUG] 房间 R1 收到 roll 消息: 玩家1
[2026-07-08 11:00:07] [DEBUG] 房间 R1 收到 roll 消息: 玩家1
[2026-07-08 11:00:07] [DEBUG] 房间 R1 收到 roll 消息: 玩家1
[2026-07-08 11:00:08] [DEBUG] 房间 R1 收到 roll 消息: 玩家1
[2026-07-08 11:00:08] [DEBUG] 房间 R1 收到 roll 消息: 玩家1
[2026-07-08 11:00:09] [DEBUG] 房间 R1 收到 roll 消息: 玩家1
[2026-07-08 11:00:09] [DEBUG] 房间 R1 收到 roll 消息: 玩家1
[2026-07-08 11:00:10] [DEBUG] 房间 R1 收到 roll 消息: 玩家1
[2026-07-08 11:00:10] [DEBUG] 房间 R1 收到 roll 消息: 玩家1
[2026-07-08 11:00:10] [DEBUG] 房间 R1 收到 roll 消息: 玩家1
[2026-07-08 11:00:11] [DEBUG] 房间 R1 收到 roll 消息: 玩家1
[2026-07-08 11:00:11] [DEBUG] 房间 R1 收到 roll 消息: 玩家1
[2026-07-08 11:00:12] [DEBUG] 房间 R1 收到 roll 消息: 玩家1
[2026-07-08 11:00:12] [DEBUG] 房间 R1 收到 roll 消息: 玩家1
[2026-07-08 11:00:13] [DEBUG] 房间 R1 收到 roll 消息: 玩家1
[2026-07-08 11:00:13] [DEBUG] 房间 R1 收到 roll 消息: 玩家1
[2026-07-08 11:00:13] [DEBUG] 房间 R1 收到 roll 消息: 玩家1
[2026-07-08 11:00:14] [DEBUG] 房间 R1 收到 roll 消息: 玩家1
[2026-07-08 11:00:14] [DEBUG] 房间 R1 收到 roll 消息: 玩家1
[2026-07-08 11:00:15] [DEBUG] 房间 R1 收到 roll 消息: 玩家1
[2026-07-08 11:00:15] [DEBUG] 房间 R1 收到 roll 消息: 玩家1
[2026-07-08 11:00:16] [DEBUG] 房间 R1 收到 roll 消息: 玩家1
[2026-07-08 11:00:16] [DEBUG] 房间 R1 收到 roll 消息: 玩家1
[2026-07-08 11:00:16] [DEBUG] 房间 R1 收到 roll 消息: 玩家1
[2026-07-08 11:00:17] [DEBUG] 房间 R1 收到 roll 消息: 玩家1
[2026-07-08 11:00:17] [DEBUG] 房间 R1 收到 roll 消息: 玩家1
[2026-07-08 11:00:18] [DEBUG] 房间 R1 收到 roll 消息: 玩家1
[2026-07-08 11:00:18] [DEBUG] 房间 R1 收到 roll 消息: 玩家1
[2026-07-08 11:00:19] [DEBUG] 房间 R1 收到 roll 消息: 玩家1
[2026-07-08 11:00:19] [DEBUG] 房间 R1 收到 roll 消息: 玩家1
[2026-07-08 11:00:19] [DEBUG] 房间 R1 收到 roll 消息: 玩家1
[2026-07-08 11:00:20] [DEBUG] 房间 R1 收到 roll 消息: 玩家1
[2026-07-08 11:00:20] [DEBUG] 房间 R1 收到 roll 消息: 玩家1
[2026-07-08 11:00:21] [DEBUG] 房间 R1 收到 roll 消息: 玩家1
[2026-07-08 11:00:21] [DEBUG] 房间 R1 收到 roll 消息: 玩家1
[2026-07-08 11:00:22] [DEBUG] 房间 R1 收到 roll 消息: 玩家1
[2026-07-08 11:00:22] [DEBUG] 房间 R1 收到 roll 消息: 玩家1
[2026-07-08 11:00:22] [DEBUG] 房间 R1 收到 roll 消息: 玩家1
[2026-07-08 11:00:23] [DEBUG] 房间 R1 收到 roll 消息: 玩家1
[2026-07-08 11:00:23] [DEBUG] 房间 R1 收到 roll 消息: 玩家1
[2026-07-08 11:00:24] [DEBUG] 房间 R1 收到 roll 消息: 玩家1
[2026-07-08 11:00:24] [DEBUG] 房间 R1 收到 roll 消息: 玩家1
[2026-07-08 11:00:24] [DEBUG] 房间 R1 收到 roll 消息: 玩家1
[2026-07-08 11:00:25] [DEBUG] 房间 R1 收到 roll 消息: 玩家1
[2026-07-08 11:00:25] [DEBUG] 房间 R1 收到 roll 消息: 玩家1
[2026-07-08 11:00:26] [DEBUG] 房间 R1 收到 roll 消息: 玩家1
[2026-07-08 11:00:26] [DEBUG] 房间 R1 收到 roll 消息: 玩家1
[2026-07-08 11:00:27] [DEBUG] 房间 R1 收到 roll 消息: 玩家1
[2026-07-08 11:00:27] [DEBUG] 房间 R1 收到 roll 消息: 玩家1
[2026-07-08 11:00:27] [DEBUG] 房间 R1 收到 roll 消息: 玩家1
[2026-07-08 11:00:28] [DEBUG] 房间 R1 收到 roll 消息: 玩家1
[2026-07-08 11:00:28] [DEBUG] 房间 R1 收到 roll 消息: 玩家1
[2026-07-08 11:00:29] [DEBUG] 房间 R1 收到 roll 消息: 玩家1
[2026-07-08 11:00:29] [DEBUG] 房间 R1 收到 roll 消息: 玩家1
[2026-07-08 11:00:30] [DEBUG] 房间 R1 收到 roll 消息: 玩家1
[2026-07-08 11:00:30] [DEBUG] 房间 R1 收到 roll 消息: 玩家1
[2026-07-08 11:00:30] [DEBUG] 房间 R1 收到 roll 消息: 玩家1
[2026-07-08 11:00:31] [DEBUG] 房间 R1 收到 roll 消息: 玩家1
[2026-07-08 11:00:31] [DEBUG] 房间 R1 收到 roll 消息: 玩家1
[2026-07-08 11:00:32] [DEBUG] 房间 R1 收到 roll 消息: 玩家1
[2026-07-08 11:00:32] [DEBUG] 房间 R1 收到 roll 消息: 玩家1
[2026-07-08 11:00:33] [DEBUG] 房间 R1 收到 roll 消息: 玩家1
[2026-07-08 11:00:33] [DEBUG] 房间 R1 收到 roll 消息: 玩家1
[2026-07-08 11:00:33] [DEBUG] 房间 R1 收到 roll 消息: 玩家1
[2026-07-08 11:00:34] [DEBUG] 房间 R1 收到 roll 消息: 玩家1
[2026-07-08 11:00:34] [DEBUG] 房间 R1 收到 roll 消息: 玩家1
[2026-07-08 11:00:35] [DEBUG] 房间 R1 收到 roll 消息: 玩家1
[2026-07-08 11:00:35] [DEBUG] 房间 R1 收到 roll 消息: 玩家1
[2026-07-08 11:00:36] [DEBUG] 房间 R1 收到 roll 消息: 玩家1
[2026-07-08 11:00:36] [DEBUG] 房间 R1 收到 roll 消息: 玩家1
[2026-07-08 11:00:36] [DEBUG] 房间 R1 收到 roll 消息: 玩家1
[2026-07-08 11:00:37] [DEBUG] 房间 R1 收到 roll 消息: 玩家1
[2026-07-08 11:00:37] [DEBUG] 房间 R1 收到 roll 消息: 玩家1
[2026-07-08 11:00:38] [DEBUG] 房间 R1 收到 roll 消息: 玩家1
[2026-07-08 11:00:38] [DEBUG] 房间 R1 收到 roll 消息: 玩家1
[2026-07-08 11:00:39] [DEBUG] 房间 R1 收到 roll 消息: 玩家1
[2026-07-08 11:00:39] [DEBUG] 房间 R1 收到 roll 消息: 玩家1
[2026-07-08 11:00:39] [DEBUG] 房间 R1 收到 roll 消息: 玩家1
[2026-07-08 11:00:40] [DEBUG] 房间 R1 收到 roll 消息: 玩家1
[2026-07-08 11:00:40] [DEBUG] 房间 R1 收到 roll 消息: 玩家1
[2026-07-08 11:00:41] [DEBUG] 房间 R1 收到 roll 消息: 玩家1
[2026-07-08 11:00:41] [DEBUG] 房间 R1 收到 roll 消息: 玩家1
[2026-07-08 11:00:42] [DEBUG] 房间 R1 收到 roll 消息: 玩家1
[2026-07-08 11:00:42] [DEBUG] 房间 R1 收到 roll 消息: 玩家1
[2026-07-08 11:00:42] [DEBUG] 房间 R1 收到 roll 消息: 玩家1
[2026-07-08 11:00:43] [DEBUG] 房间 R1 收到 roll 消息: 玩家1
[2026-07-08 11:00:43] [DEBUG] 房间 R1 收到 roll 消息: 玩家1
[2026-07-08 11:00:44] [DEBUG] 房间 R1 收到 roll 消息: 玩家1
[2026-07-08 11:00:44] [DEBUG] 房间 R1 收到 roll 消息: 玩家1
[2026-07-08 11:00:45] [DEBUG] 房间 R1 收到 roll 消息: 玩家1
[2026-07-08 11:00:45] [DEBUG] 房间 R1 收到 roll 消息: 玩家1
[2026-07-08 11:00:45] [DEBUG] 房间 R1 收到 roll 消息: 玩家1
[2026-07-08 11:00:46] [DEBUG] 房间 R1 收到 roll 消息: 玩家1
[2026-07-08 11:00:46] [DEBUG] 房间 R1 收到 roll 消息: 玩家1
[2026-07-08 11:00:47] [DEBUG] 房间 R1 收到 roll 消息: 玩家1
[2026-07-08 11:00:47] [DEBUG] 房间 R1 收到 roll 消息: 玩家1
[2026-07-08 11:00:48] [DEBUG] 房间 R1 收到 roll 消息: 玩家1
[2026-07-08 11:00:48] [DEBUG] 房间 R1 收到 roll 消息: 玩家1
[2026-07-08 11:00:48] [DEBUG] 房间 R1 收到 roll 消息: 玩家1
[2026-07-08 11:00:49] [DEBUG] 房间 R1 收到 roll 消息: 玩家1
[2026-07-08 11:00:49] [DEBUG] 房间 R1 收到 roll 消息: 玩家1
[2026-07-08 11:00:50] [DEBUG] 房间 R1 收到 roll 消息: 玩家1
[2026-07-08 11:00:50] [DEBUG] 房间 R1 收到 roll 消息: 玩家1
[2026-07-08 11:00:51] [DEBUG] 房间 R1 收到 roll 消息: 玩家1
[2026-07-08 11:03:55] [INFO] WebSocket 连接建立，当前在线 1
[2026-07-08 11:03:57] [INFO] 用户登录: 123 (uid=1)
[2026-07-08 11:04:01] [INFO] 用户 123 创建房间 R1 (monopoly)
[2026-07-08 11:04:06] [INFO] WebSocket 连接建立，当前在线 2
[2026-07-08 11:04:09] [INFO] 用户登录: 千文 (uid=2)
[2026-07-08 11:04:11] [INFO] 用户 千文 加入房间 R1
[2026-07-08 11:04:13] [INFO] 用户 123 准备 (R1)
[2026-07-08 11:04:14] [INFO] 用户 千文 准备 (R1)
[2026-07-08 11:04:22] [DEBUG] [大富翁] R1 新对局开始，共 2 位玩家，每人初始 1500 元，目标 30 回合。
[2026-07-08 11:04:22] [DEBUG] [大富翁] R1 第 1 回合，轮到 123。
[2026-07-08 11:04:22] [INFO] 房间 R1 游戏开始 (monopoly, 2人)
[2026-07-08 11:04:59] [DEBUG] 房间 R1 收到 roll 消息: 玩家0
[2026-07-08 11:04:59] [DEBUG] [大富翁] R1 123 掷出 2 + 1 = 3。
[2026-07-08 11:04:59] [DEBUG] [大富翁] R1 123 到达 太古里。
[2026-07-08 11:08:31] [INFO] 用户断开: 千文
[2026-07-08 11:08:31] [DEBUG] [大富翁] R1 千文 断线，自动破产退出。
[2026-07-08 11:08:35] [INFO] 用户断开: 123
[2026-07-08 11:08:35] [DEBUG] [大富翁] R1 123 断线，自动破产退出。
[2026-07-08 11:08:35] [DEBUG] [大富翁] R1 对局结束！冠军：123（净资产 0 元）。
[2026-07-08 11:08:35] [INFO] WebSocket 连接建立，当前在线 1
[2026-07-08 11:08:38] [INFO] 用户登录: 123 (uid=3)
[2026-07-08 11:08:41] [INFO] 用户 123 创建房间 R2 (monopoly)
[2026-07-08 11:08:41] [INFO] 用户 123 准备 (R2)
[2026-07-08 11:08:47] [INFO] WebSocket 连接建立，当前在线 2
[2026-07-08 11:08:51] [INFO] 用户登录: 234234 (uid=4)
[2026-07-08 11:08:52] [INFO] 用户 234234 加入房间 R2
[2026-07-08 11:08:53] [INFO] 用户 234234 准备 (R2)
[2026-07-08 11:08:55] [DEBUG] [大富翁] R1 新对局开始，共 2 位玩家，每人初始 1500 元，目标 30 回合。
[2026-07-08 11:08:55] [DEBUG] [大富翁] R1 第 1 回合，轮到 123。
[2026-07-08 11:08:55] [INFO] 房间 R2 游戏开始 (monopoly, 2人)
[2026-07-08 11:08:56] [DEBUG] 房间 R2 收到 roll 消息: 玩家0
[2026-07-08 11:08:56] [DEBUG] [大富翁] R1 123 掷出 4 + 1 = 5。
[2026-07-08 11:08:56] [DEBUG] [大富翁] R1 123 到达 东站。
[2026-07-08 11:14:05] [INFO] WebSocket 连接建立，当前在线 1
[2026-07-08 11:14:05] [INFO] WebSocket 连接建立，当前在线 1
[2026-07-08 11:14:05] [INFO] 用户登录: 甲 (uid=1)
[2026-07-08 11:14:05] [INFO] 用户登录: 乙 (uid=2)
[2026-07-08 11:14:05] [INFO] 用户 甲 创建房间 R1 (monopoly)
[2026-07-08 11:14:05] [INFO] 用户 乙 加入房间 R1
[2026-07-08 11:14:05] [INFO] 用户 甲 准备 (R1)
[2026-07-08 11:14:05] [INFO] 用户 乙 准备 (R1)
[2026-07-08 11:14:05] [DEBUG] [大富翁] R1 新对局开始，共 2 位玩家，每人初始 1500 元，目标 30 回合。
[2026-07-08 11:14:05] [DEBUG] [大富翁] R1 第 1 回合，轮到 甲。
[2026-07-08 11:14:05] [INFO] 房间 R1 游戏开始 (monopoly, 2人)
[2026-07-08 11:14:05] [DEBUG] 房间 R1 收到 roll 消息: 玩家0
[2026-07-08 11:14:05] [DEBUG] [大富翁] R1 甲 掷出 2 + 6 = 8。
[2026-07-08 11:14:05] [DEBUG] [大富翁] R1 甲 到达 机会。
[2026-07-08 11:14:05] [DEBUG] [大富翁] R1 甲 抽到 机会卡：前进到起点，领取 200 元。
[2026-07-08 11:14:05] [DEBUG] [大富翁] R1 甲 经过起点，领取 200 元。
[2026-07-08 11:14:05] [DEBUG] [大富翁] R1 甲 到达 起点。
[2026-07-08 11:14:05] [DEBUG] [大富翁] R1 甲 停在起点，领取 200 元。
[2026-07-08 11:14:05] [DEBUG] [大富翁] R1 第 1 回合，轮到 乙。
[2026-07-08 11:14:06] [DEBUG] 房间 R1 收到 roll 消息: 玩家1
[2026-07-08 11:14:06] [DEBUG] [大富翁] R1 乙 掷出 2 + 5 = 7。
[2026-07-08 11:14:06] [DEBUG] [大富翁] R1 乙 到达 锦里。
[2026-07-08 11:14:06] [DEBUG] 房间 R1 收到 action 消息: 玩家1
[2026-07-08 11:14:06] [DEBUG] [大富翁] R1 乙 购入 锦里，花费 100 元。
[2026-07-08 11:14:06] [DEBUG] [大富翁] R2 第 2 回合，轮到 甲。
[2026-07-08 11:14:07] [DEBUG] 房间 R1 收到 roll 消息: 玩家0
[2026-07-08 11:14:07] [DEBUG] [大富翁] R2 甲 掷出 5 + 5 = 10（双点，可再掷）。
[2026-07-08 11:14:07] [DEBUG] [大富翁] R2 甲 到达 武侯祠。
[2026-07-08 11:14:07] [DEBUG] 房间 R1 收到 action 消息: 玩家0
[2026-07-08 11:14:07] [DEBUG] [大富翁] R2 甲 购入 武侯祠，花费 140 元。
[2026-07-08 11:14:07] [DEBUG] [大富翁] R2 甲 因双点获得额外一次掷骰。
[2026-07-08 11:14:07] [DEBUG] 房间 R1 收到 roll 消息: 玩家0
[2026-07-08 11:14:07] [DEBUG] [大富翁] R2 甲 掷出 3 + 6 = 9。
[2026-07-08 11:14:07] [DEBUG] [大富翁] R2 甲 到达 命运。
[2026-07-08 11:14:07] [DEBUG] [大富翁] R2 甲 抽到 命运卡：出狱卡，可保留以备不时之需。
[2026-07-08 11:14:07] [DEBUG] [大富翁] R2 甲 获得一张出狱卡。
[2026-07-08 11:14:07] [DEBUG] [大富翁] R2 第 2 回合，轮到 乙。
[2026-07-08 11:14:08] [DEBUG] 房间 R1 收到 roll 消息: 玩家1
[2026-07-08 11:14:08] [DEBUG] [大富翁] R2 乙 掷出 1 + 3 = 4。
[2026-07-08 11:14:08] [DEBUG] [大富翁] R2 乙 到达 电力公司。
[2026-07-08 11:14:08] [DEBUG] 房间 R1 收到 action 消息: 玩家1
[2026-07-08 11:14:08] [DEBUG] [大富翁] R2 乙 购入 电力公司，花费 150 元。
[2026-07-08 11:14:08] [DEBUG] [大富翁] R3 第 3 回合，轮到 甲。
[2026-07-08 11:14:09] [DEBUG] 房间 R1 收到 roll 消息: 玩家0
[2026-07-08 11:14:09] [DEBUG] [大富翁] R3 甲 掷出 5 + 2 = 7。
[2026-07-08 11:14:09] [DEBUG] [大富翁] R3 甲 经过起点，领取 200 元。
[2026-07-08 11:14:09] [DEBUG] [大富翁] R3 甲 到达 机会。
[2026-07-08 11:14:09] [DEBUG] [大富翁] R3 甲 抽到 机会卡：买彩票中奖，获得 150 元。
[2026-07-08 11:14:09] [DEBUG] [大富翁] R3 甲 获得 150 元。
[2026-07-08 11:14:09] [DEBUG] [大富翁] R3 第 3 回合，轮到 乙。
[2026-07-08 11:14:09] [DEBUG] 房间 R1 收到 roll 消息: 玩家1
[2026-07-08 11:14:09] [DEBUG] [大富翁] R3 乙 掷出 4 + 6 = 10。
[2026-07-08 11:14:09] [DEBUG] [大富翁] R3 乙 到达 自来水厂。
[2026-07-08 11:14:09] [DEBUG] 房间 R1 收到 action 消息: 玩家1
[2026-07-08 11:14:09] [DEBUG] [大富翁] R3 乙 购入 自来水厂，花费 150 元。
[2026-07-08 11:14:09] [DEBUG] [大富翁] R4 第 4 回合，轮到 甲。
[2026-07-08 11:14:10] [DEBUG] 房间 R1 收到 roll 消息: 玩家0
[2026-07-08 11:14:10] [DEBUG] [大富翁] R4 甲 掷出 6 + 5 = 11。
[2026-07-08 11:14:10] [DEBUG] [大富翁] R4 甲 到达 命运。
[2026-07-08 11:14:10] [DEBUG] [大富翁] R4 甲 抽到 命运卡：医疗费用，支付 100 元。
[2026-07-08 11:14:10] [DEBUG] [大富翁] R4 第 4 回合，轮到 乙。
[2026-07-08 11:14:10] [DEBUG] 房间 R1 收到 roll 消息: 玩家1
[2026-07-08 11:14:10] [DEBUG] [大富翁] R4 乙 掷出 4 + 2 = 6。
[2026-07-08 11:14:10] [DEBUG] [大富翁] R4 乙 经过起点，领取 200 元。
[2026-07-08 11:14:10] [DEBUG] [大富翁] R4 乙 到达 太古里。
[2026-07-08 11:14:11] [DEBUG] 房间 R1 收到 action 消息: 玩家1
[2026-07-08 11:14:11] [DEBUG] [大富翁] R4 乙 购入 太古里，花费 80 元。
[2026-07-08 11:14:11] [DEBUG] [大富翁] R5 第 5 回合，轮到 甲。
[2026-07-08 11:14:11] [DEBUG] 房间 R1 收到 roll 消息: 玩家0
[2026-07-08 11:14:11] [DEBUG] [大富翁] R5 甲 掷出 2 + 6 = 8。
[2026-07-08 11:14:11] [DEBUG] [大富翁] R5 甲 到达 自来水厂。
[2026-07-08 11:14:11] [DEBUG] [大富翁] R5 甲 进入 乙 的领地 自来水厂，需付过路费 80 元。
[2026-07-08 11:14:11] [DEBUG] [大富翁] R5 第 5 回合，轮到 乙。
[2026-07-08 11:14:11] [DEBUG] 房间 R1 收到 roll 消息: 玩家1
[2026-07-08 11:14:11] [DEBUG] [大富翁] R5 乙 掷出 5 + 4 = 9。
[2026-07-08 11:14:11] [DEBUG] [大富翁] R5 乙 到达 杜甫草堂。
[2026-07-08 11:14:12] [DEBUG] 房间 R1 收到 action 消息: 玩家1
[2026-07-08 11:14:12] [DEBUG] [大富翁] R5 乙 购入 杜甫草堂，花费 160 元。
[2026-07-08 11:14:12] [DEBUG] [大富翁] R6 第 6 回合，轮到 甲。
[2026-07-08 11:14:12] [DEBUG] 房间 R1 收到 roll 消息: 玩家0
[2026-07-08 11:14:12] [DEBUG] [大富翁] R6 甲 掷出 2 + 4 = 6。
[2026-07-08 11:14:12] [DEBUG] [大富翁] R6 甲 经过起点，领取 200 元。
[2026-07-08 11:14:12] [DEBUG] [大富翁] R6 甲 到达 太古里。
[2026-07-08 11:14:12] [DEBUG] [大富翁] R6 甲 进入 乙 的领地 太古里，需付过路费 4 元。
[2026-07-08 11:14:12] [DEBUG] [大富翁] R6 第 6 回合，轮到 乙。
[2026-07-08 11:14:13] [DEBUG] 房间 R1 收到 roll 消息: 玩家1
[2026-07-08 11:14:13] [DEBUG] [大富翁] R6 乙 掷出 3 + 6 = 9。
[2026-07-08 11:14:13] [DEBUG] [大富翁] R6 乙 到达 自来水厂。
[2026-07-08 11:22:25] [INFO] WebSocket 连接建立，当前在线 1
[2026-07-08 11:22:25] [INFO] WebSocket 连接建立，当前在线 1
[2026-07-08 11:22:38] [DEBUG] 匿名连接断开
[2026-07-08 11:22:38] [INFO] WebSocket 连接建立，当前在线 1
[2026-07-08 11:22:39] [DEBUG] 匿名连接断开
[2026-07-08 11:22:39] [INFO] WebSocket 连接建立，当前在线 1
[2026-07-08 11:22:41] [INFO] 用户登录: 123 (uid=1)
[2026-07-08 11:22:44] [INFO] 用户 123 创建房间 R1 (monopoly)
[2026-07-08 11:22:45] [INFO] 用户 123 准备 (R1)
[2026-07-08 11:22:48] [INFO] 用户登录: 企鹅 (uid=2)
[2026-07-08 11:22:49] [INFO] 用户 企鹅 加入房间 R1
[2026-07-08 11:22:50] [INFO] 用户 企鹅 准备 (R1)
[2026-07-08 11:22:51] [DEBUG] [大富翁] R1 新对局开始，共 2 位玩家，每人初始 1500 元，目标 30 回合。
[2026-07-08 11:22:51] [DEBUG] [大富翁] R1 第 1 回合，轮到 123。
[2026-07-08 11:22:51] [INFO] 房间 R1 游戏开始 (monopoly, 2人)
[2026-07-08 11:22:58] [DEBUG] 房间 R1 收到 roll 消息: 玩家0
[2026-07-08 11:22:58] [DEBUG] [大富翁] R1 123 掷出 2 + 2 = 4（双点，可再掷）。
[2026-07-08 11:22:58] [DEBUG] [大富翁] R1 123 到达 所得税。
[2026-07-08 11:22:58] [DEBUG] [大富翁] R1 123 因双点获得额外一次掷骰。
[2026-07-08 11:23:14] [DEBUG] 房间 R1 收到 roll 消息: 玩家0
[2026-07-08 11:23:14] [DEBUG] [大富翁] R1 123 掷出 3 + 4 = 7。
[2026-07-08 11:23:14] [DEBUG] [大富翁] R1 123 到达 电力公司。
[2026-07-08 11:23:17] [DEBUG] 房间 R1 收到 action 消息: 玩家0
[2026-07-08 11:23:17] [DEBUG] [大富翁] R1 123 购入 电力公司，花费 150 元。
[2026-07-08 11:23:17] [DEBUG] [大富翁] R1 第 1 回合，轮到 企鹅。
[2026-07-08 11:23:21] [DEBUG] 房间 R1 收到 roll 消息: 玩家1
[2026-07-08 11:23:21] [DEBUG] [大富翁] R1 企鹅 掷出 3 + 6 = 9。
[2026-07-08 11:23:21] [DEBUG] [大富翁] R1 企鹅 到达 宽窄巷子。
[2026-07-08 11:23:26] [DEBUG] 房间 R1 收到 action 消息: 玩家1
[2026-07-08 11:23:26] [DEBUG] [大富翁] R1 企鹅 购入 宽窄巷子，花费 120 元。
[2026-07-08 11:23:26] [DEBUG] [大富翁] R2 第 2 回合，轮到 123。
[2026-07-08 11:23:28] [DEBUG] 房间 R1 收到 roll 消息: 玩家0
[2026-07-08 11:23:28] [DEBUG] [大富翁] R2 123 掷出 6 + 6 = 12（双点，可再掷）。
[2026-07-08 11:23:28] [DEBUG] [大富翁] R2 123 到达 奢侈税。
[2026-07-08 11:23:28] [DEBUG] [大富翁] R2 123 因双点获得额外一次掷骰。
[2026-07-08 11:23:29] [DEBUG] 房间 R1 收到 roll 消息: 玩家0
[2026-07-08 11:23:29] [DEBUG] [大富翁] R2 123 掷出 2 + 1 = 3。
[2026-07-08 11:23:29] [DEBUG] [大富翁] R2 123 经过起点，领取 200 元。
[2026-07-08 11:23:29] [DEBUG] [大富翁] R2 123 到达 机会。
[2026-07-08 11:23:29] [DEBUG] [大富翁] R2 123 抽到 机会卡：前进到最近的车站，无需付过路费。
[2026-07-08 11:23:29] [DEBUG] [大富翁] R2 123 到达 东站。
[2026-07-08 11:23:33] [DEBUG] 房间 R1 收到 action 消息: 玩家0
[2026-07-08 11:23:33] [DEBUG] [大富翁] R2 123 购入 东站，花费 200 元。
[2026-07-08 11:23:33] [DEBUG] [大富翁] R2 第 2 回合，轮到 企鹅。
[2026-07-08 11:23:34] [DEBUG] 房间 R1 收到 roll 消息: 玩家1
[2026-07-08 11:23:34] [DEBUG] [大富翁] R2 企鹅 掷出 6 + 6 = 12（双点，可再掷）。
[2026-07-08 11:23:34] [DEBUG] [大富翁] R2 企鹅 到达 自来水厂。
[2026-07-08 11:23:35] [DEBUG] 房间 R1 收到 action 消息: 玩家1
[2026-07-08 11:23:35] [DEBUG] [大富翁] R2 企鹅 购入 自来水厂，花费 150 元。
[2026-07-08 11:23:35] [DEBUG] [大富翁] R2 企鹅 因双点获得额外一次掷骰。
[2026-07-08 11:23:38] [DEBUG] 房间 R1 收到 roll 消息: 玩家1
[2026-07-08 11:23:38] [DEBUG] [大富翁] R2 企鹅 掷出 6 + 5 = 11。
[2026-07-08 11:23:38] [DEBUG] [大富翁] R2 企鹅 经过起点，领取 200 元。
[2026-07-08 11:23:38] [DEBUG] [大富翁] R2 企鹅 到达 机会。
[2026-07-08 11:23:38] [DEBUG] [大富翁] R2 企鹅 抽到 机会卡：前进到起点，领取 200 元。
[2026-07-08 11:23:38] [DEBUG] [大富翁] R2 企鹅 经过起点，领取 200 元。
[2026-07-08 11:23:38] [DEBUG] [大富翁] R2 企鹅 到达 起点。
[2026-07-08 11:23:38] [DEBUG] [大富翁] R2 企鹅 停在起点，领取 200 元。
[2026-07-08 11:23:38] [DEBUG] [大富翁] R3 第 3 回合，轮到 123。
[2026-07-08 11:23:44] [DEBUG] 房间 R1 收到 roll 消息: 玩家0
[2026-07-08 11:23:44] [DEBUG] [大富翁] R3 123 掷出 6 + 5 = 11。
[2026-07-08 11:23:44] [DEBUG] [大富翁] R3 123 到达 机会。
[2026-07-08 11:23:44] [DEBUG] [大富翁] R3 123 抽到 机会卡：维修房屋，每座房子付 25 元。
[2026-07-08 11:23:44] [DEBUG] [大富翁] R3 第 3 回合，轮到 企鹅。
[2026-07-08 11:23:55] [DEBUG] 房间 R1 收到 roll 消息: 玩家1
[2026-07-08 11:23:55] [DEBUG] [大富翁] R3 企鹅 掷出 6 + 2 = 8。
[2026-07-08 11:23:55] [DEBUG] [大富翁] R3 企鹅 到达 机会。
[2026-07-08 11:23:55] [DEBUG] [大富翁] R3 企鹅 抽到 机会卡：前进到天府广场。
[2026-07-08 11:23:55] [DEBUG] [大富翁] R3 企鹅 到达 天府广场。
[2026-07-08 11:23:56] [DEBUG] 房间 R1 收到 action 消息: 玩家1
[2026-07-08 11:23:56] [DEBUG] [大富翁] R3 企鹅 购入 天府广场，花费 180 元。
[2026-07-08 11:23:56] [DEBUG] [大富翁] R4 第 4 回合，轮到 123。
[2026-07-08 11:23:58] [DEBUG] 房间 R1 收到 roll 消息: 玩家0
[2026-07-08 11:23:58] [DEBUG] [大富翁] R4 123 掷出 2 + 1 = 3。
[2026-07-08 11:23:58] [DEBUG] [大富翁] R4 123 到达 命运。
[2026-07-08 11:23:58] [DEBUG] [大富翁] R4 123 抽到 命运卡：遗产继承，获得 200 元。
[2026-07-08 11:23:58] [DEBUG] [大富翁] R4 123 获得 200 元。
[2026-07-08 11:23:58] [DEBUG] [大富翁] R4 第 4 回合，轮到 企鹅。
[2026-07-08 11:24:11] [DEBUG] 房间 R1 收到 roll 消息: 玩家1
[2026-07-08 11:24:11] [DEBUG] [大富翁] R4 企鹅 掷出 6 + 5 = 11。
[2026-07-08 11:24:11] [DEBUG] [大富翁] R4 企鹅 经过起点，领取 200 元。
[2026-07-08 11:24:11] [DEBUG] [大富翁] R4 企鹅 到达 机会。
[2026-07-08 11:24:11] [DEBUG] [大富翁] R4 企鹅 抽到 机会卡：生日快乐！每位玩家送你 50 元。
[2026-07-08 11:24:11] [DEBUG] [大富翁] R4 企鹅 从其他玩家处共收到 50 元。
[2026-07-08 11:24:11] [DEBUG] [大富翁] R5 第 5 回合，轮到 123。
[2026-07-08 11:24:16] [DEBUG] 房间 R1 收到 roll 消息: 玩家0
[2026-07-08 11:24:16] [DEBUG] [大富翁] R5 123 掷出 5 + 3 = 8。
[2026-07-08 11:24:16] [DEBUG] [大富翁] R5 123 经过起点，领取 200 元。
[2026-07-08 11:24:16] [DEBUG] [大富翁] R5 123 到达 太古里。
[2026-07-08 11:24:16] [DEBUG] 房间 R1 收到 action 消息: 玩家0
[2026-07-08 11:24:16] [DEBUG] [大富翁] R5 123 购入 太古里，花费 80 元。
[2026-07-08 11:24:16] [DEBUG] [大富翁] R5 第 5 回合，轮到 企鹅。
[2026-07-08 11:24:19] [DEBUG] 房间 R1 收到 roll 消息: 玩家1
[2026-07-08 11:24:19] [DEBUG] [大富翁] R5 企鹅 掷出 6 + 3 = 9。
[2026-07-08 11:24:19] [DEBUG] [大富翁] R5 企鹅 到达 电力公司。
[2026-07-08 11:24:19] [DEBUG] [大富翁] R5 企鹅 进入 123 的领地 电力公司，需付过路费 36 元。
[2026-07-08 11:24:19] [DEBUG] [大富翁] R6 第 6 回合，轮到 123。
[2026-07-08 11:24:31] [DEBUG] 房间 R1 收到 roll 消息: 玩家0
[2026-07-08 11:24:31] [DEBUG] [大富翁] R6 123 掷出 1 + 6 = 7。
[2026-07-08 11:24:31] [DEBUG] [大富翁] R6 123 到达 武侯祠。
[2026-07-08 11:24:32] [DEBUG] 房间 R1 收到 action 消息: 玩家0
[2026-07-08 11:24:32] [DEBUG] [大富翁] R6 123 购入 武侯祠，花费 140 元。
[2026-07-08 11:24:32] [DEBUG] [大富翁] R6 第 6 回合，轮到 企鹅。
[2026-07-08 11:26:29] [DEBUG] 房间 R1 收到 roll 消息: 玩家1
[2026-07-08 11:26:29] [DEBUG] [大富翁] R6 企鹅 掷出 6 + 6 = 12（双点，可再掷）。
[2026-07-08 11:26:29] [DEBUG] [大富翁] R6 企鹅 到达 奢侈税。
[2026-07-08 11:26:29] [DEBUG] [大富翁] R6 企鹅 因双点获得额外一次掷骰。
[2026-07-08 11:26:31] [DEBUG] 房间 R1 收到 roll 消息: 玩家1
[2026-07-08 11:26:31] [DEBUG] [大富翁] R6 企鹅 掷出 5 + 5 = 10（双点，可再掷）。
[2026-07-08 11:26:31] [DEBUG] [大富翁] R6 企鹅 经过起点，领取 200 元。
[2026-07-08 11:26:31] [DEBUG] [大富翁] R6 企鹅 到达 宽窄巷子。
[2026-07-08 11:27:03] [DEBUG] 房间 R1 收到 action 消息: 玩家1
[2026-07-08 11:27:03] [DEBUG] [大富翁] R6 企鹅 抵押 宽窄巷子，获得 60 元。
[2026-07-08 11:27:09] [DEBUG] 房间 R1 收到 action 消息: 玩家1
[2026-07-08 11:27:09] [DEBUG] [大富翁] R6 企鹅 赎回 宽窄巷子，花费 66 元。
[2026-07-08 11:27:10] [DEBUG] 房间 R1 收到 action 消息: 玩家1
[2026-07-08 11:27:10] [DEBUG] [大富翁] R6 企鹅 抵押 宽窄巷子，获得 60 元。
[2026-07-08 11:27:10] [DEBUG] 房间 R1 收到 action 消息: 玩家1
[2026-07-08 11:27:10] [DEBUG] [大富翁] R6 企鹅 赎回 宽窄巷子，花费 66 元。
[2026-07-08 11:27:11] [DEBUG] 房间 R1 收到 action 消息: 玩家1
[2026-07-08 11:27:11] [DEBUG] [大富翁] R6 企鹅 抵押 宽窄巷子，获得 60 元。
[2026-07-08 11:27:12] [DEBUG] 房间 R1 收到 action 消息: 玩家1
[2026-07-08 11:27:12] [DEBUG] [大富翁] R6 企鹅 赎回 宽窄巷子，花费 66 元。
[2026-07-08 11:27:13] [DEBUG] 房间 R1 收到 action 消息: 玩家1
[2026-07-08 11:27:13] [DEBUG] [大富翁] R6 企鹅 抵押 宽窄巷子，获得 60 元。
[2026-07-08 11:27:15] [DEBUG] 房间 R1 收到 action 消息: 玩家1
[2026-07-08 11:27:15] [DEBUG] [大富翁] R6 企鹅 赎回 宽窄巷子，花费 66 元。
[2026-07-08 11:27:20] [DEBUG] 房间 R1 收到 mortgage 消息: 玩家1
[2026-07-08 11:27:20] [DEBUG] [大富翁] R6 企鹅 抵押 宽窄巷子，获得 60 元。
[2026-07-08 11:27:21] [DEBUG] 房间 R1 收到 build 消息: 玩家1
[2026-07-08 11:27:23] [DEBUG] 房间 R1 收到 mortgage 消息: 玩家1
[2026-07-08 11:27:23] [DEBUG] 房间 R1 收到 build 消息: 玩家1
[2026-07-08 11:27:23] [DEBUG] 房间 R1 收到 mortgage 消息: 玩家1
[2026-07-08 11:27:24] [DEBUG] 房间 R1 收到 mortgage 消息: 玩家1
[2026-07-08 11:27:26] [DEBUG] 房间 R1 收到 action 消息: 玩家1
[2026-07-08 11:27:26] [DEBUG] [大富翁] R6 企鹅 因双点获得额外一次掷骰。
[2026-07-08 11:27:34] [DEBUG] 房间 R1 收到 mortgage 消息: 玩家1
[2026-07-08 11:28:55] [DEBUG] 房间 R1 收到 roll 消息: 玩家1
[2026-07-08 11:28:55] [DEBUG] [大富翁] R6 企鹅 掷出 1 + 2 = 3。
[2026-07-08 11:28:55] [DEBUG] [大富翁] R6 企鹅 到达 杜甫草堂。
[2026-07-08 11:28:57] [DEBUG] 房间 R1 收到 action 消息: 玩家1
[2026-07-08 11:28:57] [DEBUG] [大富翁] R6 企鹅 购入 杜甫草堂，花费 160 元。
[2026-07-08 11:28:57] [DEBUG] [大富翁] R7 第 7 回合，轮到 123。
[2026-07-08 11:28:59] [DEBUG] 房间 R1 收到 roll 消息: 玩家0
[2026-07-08 11:28:59] [DEBUG] [大富翁] R7 123 掷出 4 + 4 = 8（双点，可再掷）。
[2026-07-08 11:28:59] [DEBUG] [大富翁] R7 123 到达 金沙遗址。
[2026-07-08 11:29:01] [DEBUG] 房间 R1 收到 action 消息: 玩家0
[2026-07-08 11:29:01] [DEBUG] [大富翁] R7 123 购入 金沙遗址，花费 220 元。
[2026-07-08 11:29:01] [DEBUG] [大富翁] R7 123 因双点获得额外一次掷骰。
[2026-07-08 11:29:02] [DEBUG] 房间 R1 收到 roll 消息: 玩家0
[2026-07-08 11:29:02] [DEBUG] [大富翁] R7 123 掷出 6 + 2 = 8。
[2026-07-08 11:29:02] [DEBUG] [大富翁] R7 123 经过起点，领取 200 元。
[2026-07-08 11:29:02] [DEBUG] [大富翁] R7 123 到达 机会。
[2026-07-08 11:29:02] [DEBUG] [大富翁] R7 123 抽到 机会卡：买彩票中奖，获得 150 元。
[2026-07-08 11:29:02] [DEBUG] [大富翁] R7 123 获得 150 元。
[2026-07-08 11:29:02] [DEBUG] [大富翁] R7 第 7 回合，轮到 企鹅。
[2026-07-08 11:29:08] [DEBUG] 房间 R1 收到 roll 消息: 玩家1
[2026-07-08 11:29:08] [DEBUG] [大富翁] R7 企鹅 掷出 3 + 6 = 9。
[2026-07-08 11:29:08] [DEBUG] [大富翁] R7 企鹅 到达 自来水厂。
[2026-07-08 11:29:12] [DEBUG] 房间 R1 收到 build 消息: 玩家1
[2026-07-08 11:29:12] [DEBUG] 房间 R1 收到 build 消息: 玩家1
[2026-07-08 11:29:13] [DEBUG] 房间 R1 收到 action 消息: 玩家1
[2026-07-08 11:29:13] [DEBUG] [大富翁] R8 第 8 回合，轮到 123。
[2026-07-08 11:29:23] [DEBUG] 房间 R1 收到 build 消息: 玩家1
[2026-07-08 11:29:23] [DEBUG] 房间 R1 收到 build 消息: 玩家1
[2026-07-08 11:29:25] [DEBUG] 房间 R1 收到 roll 消息: 玩家0
[2026-07-08 11:29:25] [DEBUG] [大富翁] R8 123 掷出 3 + 6 = 9。
[2026-07-08 11:29:25] [DEBUG] [大富翁] R8 123 到达 电力公司。
[2026-07-08 11:29:30] [DEBUG] 房间 R1 收到 action 消息: 玩家0
[2026-07-08 11:29:30] [DEBUG] [大富翁] R8 第 8 回合，轮到 企鹅。
[2026-07-08 11:29:34] [DEBUG] 房间 R1 收到 build 消息: 玩家1
[2026-07-08 11:29:35] [DEBUG] 房间 R1 收到 roll 消息: 玩家1
[2026-07-08 11:29:35] [DEBUG] [大富翁] R8 企鹅 掷出 5 + 4 = 9。
[2026-07-08 11:29:35] [DEBUG] [大富翁] R8 企鹅 经过起点，领取 200 元。
[2026-07-08 11:29:35] [DEBUG] [大富翁] R8 企鹅 到达 监狱。
[2026-07-08 11:29:35] [DEBUG] [大富翁] R9 第 9 回合，轮到 123。
[2026-07-08 11:29:38] [DEBUG] 房间 R1 收到 roll 消息: 玩家0
[2026-07-08 11:29:38] [DEBUG] [大富翁] R9 123 掷出 6 + 6 = 12（双点，可再掷）。
[2026-07-08 11:29:38] [DEBUG] [大富翁] R9 123 到达 奢侈税。
[2026-07-08 11:29:38] [DEBUG] [大富翁] R9 123 因双点获得额外一次掷骰。
[2026-07-08 11:29:39] [DEBUG] 房间 R1 收到 roll 消息: 玩家0
[2026-07-08 11:29:39] [DEBUG] [大富翁] R9 123 掷出 4 + 6 = 10。
[2026-07-08 11:29:39] [DEBUG] [大富翁] R9 123 经过起点，领取 200 元。
[2026-07-08 11:29:39] [DEBUG] [大富翁] R9 123 到达 宽窄巷子。
[2026-07-08 11:29:39] [DEBUG] [大富翁] R9 第 9 回合，轮到 企鹅。
[2026-07-08 11:29:41] [DEBUG] 房间 R1 收到 roll 消息: 玩家1
[2026-07-08 11:29:41] [DEBUG] [大富翁] R9 企鹅 掷出 2 + 1 = 3。
[2026-07-08 11:29:41] [DEBUG] [大富翁] R9 企鹅 到达 宽窄巷子。
[2026-07-08 11:29:42] [DEBUG] 房间 R1 收到 action 消息: 玩家1
[2026-07-08 11:29:42] [DEBUG] [大富翁] R9 企鹅 赎回 宽窄巷子，花费 66 元。
[2026-07-08 11:29:44] [DEBUG] 房间 R1 收到 action 消息: 玩家1
[2026-07-08 11:29:44] [DEBUG] [大富翁] R10 第 10 回合，轮到 123。
[2026-07-08 11:29:45] [DEBUG] 房间 R1 收到 build 消息: 玩家1
[2026-07-08 11:29:46] [DEBUG] 房间 R1 收到 roll 消息: 玩家0
[2026-07-08 11:29:46] [DEBUG] [大富翁] R10 123 掷出 4 + 2 = 6。
[2026-07-08 11:29:46] [DEBUG] [大富翁] R10 123 到达 天府广场。
[2026-07-08 11:29:46] [DEBUG] [大富翁] R10 123 进入 企鹅 的领地 天府广场，需付过路费 14 元。
[2026-07-08 11:29:46] [DEBUG] [大富翁] R10 第 10 回合，轮到 企鹅。
[2026-07-08 11:29:48] [DEBUG] 房间 R1 收到 roll 消息: 玩家1
[2026-07-08 11:29:48] [DEBUG] [大富翁] R10 企鹅 掷出 1 + 1 = 2（双点，可再掷）。
[2026-07-08 11:29:48] [DEBUG] [大富翁] R10 企鹅 到达 电力公司。
[2026-07-08 11:29:48] [DEBUG] [大富翁] R10 企鹅 进入 123 的领地 电力公司，需付过路费 8 元。
[2026-07-08 11:29:48] [DEBUG] [大富翁] R10 企鹅 因双点获得额外一次掷骰。
[2026-07-08 11:29:49] [DEBUG] 房间 R1 收到 roll 消息: 玩家1
[2026-07-08 11:29:49] [DEBUG] [大富翁] R10 企鹅 掷出 3 + 4 = 7。
[2026-07-08 11:29:49] [DEBUG] [大富翁] R10 企鹅 到达 金沙遗址。
[2026-07-08 11:29:49] [DEBUG] [大富翁] R10 企鹅 进入 123 的领地 金沙遗址，需付过路费 18 元。
[2026-07-08 11:29:49] [DEBUG] [大富翁] R11 第 11 回合，轮到 123。
[2026-07-08 11:29:51] [DEBUG] 房间 R1 收到 roll 消息: 玩家0
[2026-07-08 11:29:51] [DEBUG] [大富翁] R11 123 掷出 1 + 1 = 2（双点，可再掷）。
[2026-07-08 11:29:51] [DEBUG] [大富翁] R11 123 到达 熊猫基地。
[2026-07-08 11:29:52] [DEBUG] 房间 R1 收到 action 消息: 玩家0
[2026-07-08 11:29:52] [DEBUG] [大富翁] R11 123 购入 熊猫基地，花费 200 元。
[2026-07-08 11:29:52] [DEBUG] [大富翁] R11 123 因双点获得额外一次掷骰。
[2026-07-08 11:29:53] [DEBUG] 房间 R1 收到 roll 消息: 玩家0
[2026-07-08 11:29:53] [DEBUG] [大富翁] R11 123 掷出 4 + 1 = 5。
[2026-07-08 11:29:53] [DEBUG] [大富翁] R11 123 到达 青城山。
[2026-07-08 11:29:53] [DEBUG] 房间 R1 收到 action 消息: 玩家0
[2026-07-08 11:29:53] [DEBUG] [大富翁] R11 123 购入 青城山，花费 280 元。
[2026-07-08 11:29:53] [DEBUG] [大富翁] R11 第 11 回合，轮到 企鹅。
[2026-07-08 11:29:57] [DEBUG] 房间 R1 收到 roll 消息: 玩家1
[2026-07-08 11:29:57] [DEBUG] [大富翁] R11 企鹅 掷出 3 + 1 = 4。
[2026-07-08 11:29:57] [DEBUG] [大富翁] R11 企鹅 到达 青城山。
[2026-07-08 11:29:57] [DEBUG] [大富翁] R11 企鹅 进入 123 的领地 青城山，需付过路费 22 元。
[2026-07-08 11:29:57] [DEBUG] [大富翁] R12 第 12 回合，轮到 123。
[2026-07-08 11:29:59] [DEBUG] 房间 R1 收到 roll 消息: 玩家0
[2026-07-08 11:29:59] [DEBUG] [大富翁] R12 123 掷出 1 + 2 = 3。
[2026-07-08 11:29:59] [DEBUG] [大富翁] R12 123 经过起点，领取 200 元。
[2026-07-08 11:29:59] [DEBUG] [大富翁] R12 123 到达 春熙路。
[2026-07-08 11:30:00] [DEBUG] 房间 R1 收到 action 消息: 玩家0
[2026-07-08 11:30:00] [DEBUG] [大富翁] R12 123 购入 春熙路，花费 60 元。
[2026-07-08 11:30:00] [DEBUG] [大富翁] R12 第 12 回合，轮到 企鹅。
[2026-07-08 11:30:01] [DEBUG] 房间 R1 收到 roll 消息: 玩家1
[2026-07-08 11:30:01] [DEBUG] [大富翁] R12 企鹅 掷出 3 + 1 = 4。
[2026-07-08 11:30:01] [DEBUG] [大富翁] R12 企鹅 经过起点，领取 200 元。
[2026-07-08 11:30:01] [DEBUG] [大富翁] R12 企鹅 到达 机会。
[2026-07-08 11:30:01] [DEBUG] [大富翁] R12 企鹅 抽到 机会卡：后退 2 格。
[2026-07-08 11:30:01] [DEBUG] [大富翁] R12 企鹅 到达 起点。
[2026-07-08 11:30:01] [DEBUG] [大富翁] R12 企鹅 停在起点，领取 200 元。
[2026-07-08 11:30:01] [DEBUG] [大富翁] R13 第 13 回合，轮到 123。
[2026-07-08 11:30:03] [DEBUG] 房间 R1 收到 roll 消息: 玩家0
[2026-07-08 11:30:03] [DEBUG] [大富翁] R13 123 掷出 2 + 2 = 4（双点，可再掷）。
[2026-07-08 11:30:03] [DEBUG] [大富翁] R13 123 到达 东站。
[2026-07-08 11:30:07] [DEBUG] 房间 R1 收到 action 消息: 玩家0
[2026-07-08 11:30:07] [DEBUG] [大富翁] R13 123 因双点获得额外一次掷骰。
[2026-07-08 11:30:07] [DEBUG] 房间 R1 收到 roll 消息: 玩家0
[2026-07-08 11:30:07] [DEBUG] [大富翁] R13 123 掷出 2 + 1 = 3。
[2026-07-08 11:30:07] [DEBUG] [大富翁] R13 123 到达 机会。
[2026-07-08 11:30:07] [DEBUG] [大富翁] R13 123 抽到 机会卡：银行结息，获得 100 元。
[2026-07-08 11:30:07] [DEBUG] [大富翁] R13 123 获得 100 元。
[2026-07-08 11:30:07] [DEBUG] [大富翁] R13 第 13 回合，轮到 企鹅。
[2026-07-08 11:30:10] [DEBUG] 房间 R1 收到 roll 消息: 玩家1
[2026-07-08 11:30:10] [DEBUG] [大富翁] R13 企鹅 掷出 2 + 5 = 7。
[2026-07-08 11:30:10] [DEBUG] [大富翁] R13 企鹅 到达 锦里。
[2026-07-08 11:30:11] [DEBUG] 房间 R1 收到 build 消息: 玩家1
[2026-07-08 11:30:12] [DEBUG] 房间 R1 收到 action 消息: 玩家1
[2026-07-08 11:30:12] [DEBUG] [大富翁] R13 企鹅 购入 锦里，花费 100 元。
[2026-07-08 11:30:12] [DEBUG] [大富翁] R14 第 14 回合，轮到 123。
[2026-07-08 11:30:14] [DEBUG] 房间 R1 收到 roll 消息: 玩家0
[2026-07-08 11:30:14] [DEBUG] [大富翁] R14 123 掷出 1 + 6 = 7。
[2026-07-08 11:30:14] [DEBUG] [大富翁] R14 123 到达 天府广场。
[2026-07-08 11:30:14] [DEBUG] [大富翁] R14 123 进入 企鹅 的领地 天府广场，需付过路费 14 元。
[2026-07-08 11:30:14] [DEBUG] [大富翁] R14 第 14 回合，轮到 企鹅。
[2026-07-08 11:30:15] [DEBUG] 房间 R1 收到 roll 消息: 玩家1
[2026-07-08 11:30:15] [DEBUG] [大富翁] R14 企鹅 掷出 3 + 2 = 5。
[2026-07-08 11:30:15] [DEBUG] [大富翁] R14 企鹅 到达 杜甫草堂。
[2026-07-08 11:30:18] [DEBUG] 房间 R1 收到 build 消息: 玩家1
[2026-07-08 11:30:18] [DEBUG] [大富翁] R14 企鹅 在 宽窄巷子 建造房屋（Lv.1），花费 50 元。
[2026-07-08 11:30:49] [DEBUG] 房间 R1 收到 build 消息: 玩家1
[2026-07-08 11:30:50] [DEBUG] 房间 R1 收到 build 消息: 玩家1
[2026-07-08 11:30:50] [DEBUG] 房间 R1 收到 build 消息: 玩家1
[2026-07-08 11:30:50] [DEBUG] 房间 R1 收到 build 消息: 玩家1
[2026-07-08 11:30:51] [DEBUG] 房间 R1 收到 build 消息: 玩家1
[2026-07-08 11:30:52] [DEBUG] 房间 R1 收到 build 消息: 玩家1
[2026-07-08 11:30:52] [DEBUG] 房间 R1 收到 build 消息: 玩家1
[2026-07-08 11:30:52] [DEBUG] 房间 R1 收到 build 消息: 玩家1
[2026-07-08 11:30:54] [DEBUG] 房间 R1 收到 build 消息: 玩家1
[2026-07-08 11:30:54] [DEBUG] 房间 R1 收到 action 消息: 玩家1
[2026-07-08 11:30:54] [DEBUG] [大富翁] R15 第 15 回合，轮到 123。
[2026-07-08 11:30:59] [DEBUG] 房间 R1 收到 roll 消息: 玩家0
[2026-07-08 11:30:59] [DEBUG] [大富翁] R15 123 掷出 1 + 3 = 4。
[2026-07-08 11:30:59] [DEBUG] [大富翁] R15 123 到达 命运。
[2026-07-08 11:30:59] [DEBUG] [大富翁] R15 123 抽到 命运卡：违章停车，罚款 50 元。
[2026-07-08 11:30:59] [DEBUG] [大富翁] R15 第 15 回合，轮到 企鹅。
[2026-07-08 11:31:01] [DEBUG] 房间 R1 收到 roll 消息: 玩家1
[2026-07-08 11:31:01] [DEBUG] [大富翁] R15 企鹅 掷出 1 + 1 = 2（双点，可再掷）。
[2026-07-08 11:31:01] [DEBUG] [大富翁] R15 企鹅 到达 南站。
[2026-07-08 11:31:02] [DEBUG] 房间 R1 收到 action 消息: 玩家1
[2026-07-08 11:31:02] [DEBUG] [大富翁] R15 企鹅 购入 南站，花费 200 元。
[2026-07-08 11:31:02] [DEBUG] [大富翁] R15 企鹅 因双点获得额外一次掷骰。
[2026-07-08 11:31:03] [DEBUG] 房间 R1 收到 roll 消息: 玩家1
[2026-07-08 11:31:03] [DEBUG] [大富翁] R15 企鹅 掷出 6 + 1 = 7。
[2026-07-08 11:31:03] [DEBUG] [大富翁] R15 企鹅 到达 自来水厂。
[2026-07-08 11:31:06] [DEBUG] 房间 R1 收到 build 消息: 玩家1
[2026-07-08 11:31:12] [DEBUG] 房间 R1 收到 action 消息: 玩家1
[2026-07-08 11:31:12] [DEBUG] [大富翁] R16 第 16 回合，轮到 123。
[2026-07-08 11:31:15] [DEBUG] 房间 R1 收到 roll 消息: 玩家0
[2026-07-08 11:31:15] [DEBUG] [大富翁] R16 123 掷出 1 + 2 = 3。
[2026-07-08 11:31:15] [DEBUG] [大富翁] R16 123 到达 青城山。
[2026-07-08 11:31:23] [DEBUG] 房间 R1 收到 action 消息: 玩家0
[2026-07-08 11:31:23] [DEBUG] [大富翁] R16 123 在 青城山 建造房屋（Lv.1），花费 150 元。
[2026-07-08 11:31:24] [DEBUG] 房间 R1 收到 action 消息: 玩家0
[2026-07-08 11:31:24] [DEBUG] [大富翁] R16 123 在 青城山 建造房屋（Lv.2），花费 150 元。
[2026-07-08 11:31:25] [DEBUG] 房间 R1 收到 action 消息: 玩家0
[2026-07-08 11:31:25] [DEBUG] [大富翁] R16 123 在 青城山 建造房屋（Lv.3），花费 150 元。
[2026-07-08 11:31:26] [DEBUG] 房间 R1 收到 action 消息: 玩家0
[2026-07-08 11:31:26] [DEBUG] [大富翁] R16 123 在 青城山 建造房屋（Lv.4），花费 150 元。
[2026-07-08 11:31:26] [DEBUG] 房间 R1 收到 action 消息: 玩家0
[2026-07-08 11:31:26] [DEBUG] [大富翁] R16 123 在 青城山 建造房屋（Lv.5），花费 150 元。
[2026-07-08 11:31:28] [DEBUG] 房间 R1 收到 action 消息: 玩家0
[2026-07-08 11:31:28] [DEBUG] [大富翁] R16 第 16 回合，轮到 企鹅。
[2026-07-08 11:31:29] [DEBUG] 房间 R1 收到 roll 消息: 玩家1
[2026-07-08 11:31:29] [DEBUG] [大富翁] R16 企鹅 掷出 4 + 1 = 5。
[2026-07-08 11:31:29] [DEBUG] [大富翁] R16 企鹅 经过起点，领取 200 元。
[2026-07-08 11:31:29] [DEBUG] [大富翁] R16 企鹅 到达 机会。
[2026-07-08 11:31:29] [DEBUG] [大富翁] R16 企鹅 抽到 机会卡：直接去监狱，不经过起点。
[2026-07-08 11:31:29] [DEBUG] [大富翁] R17 第 17 回合，轮到 123。
[2026-07-08 11:31:31] [DEBUG] 房间 R1 收到 roll 消息: 玩家0
[2026-07-08 11:31:31] [DEBUG] [大富翁] R17 123 掷出 1 + 2 = 3。
[2026-07-08 11:31:31] [DEBUG] [大富翁] R17 123 经过起点，领取 200 元。
[2026-07-08 11:31:31] [DEBUG] [大富翁] R17 123 到达 春熙路。
[2026-07-08 11:31:32] [DEBUG] 房间 R1 收到 action 消息: 玩家0
[2026-07-08 11:31:32] [DEBUG] [大富翁] R17 123 在 春熙路 建造房屋（Lv.1），花费 50 元。
[2026-07-08 11:31:35] [DEBUG] 房间 R1 收到 action 消息: 玩家0
[2026-07-08 11:31:35] [DEBUG] [大富翁] R17 第 17 回合，轮到 企鹅。
[2026-07-08 11:31:39] [DEBUG] 房间 R1 收到 payBail 消息: 玩家1
[2026-07-08 11:31:39] [DEBUG] [大富翁] R17 企鹅 交 50 元保释金出狱，需掷骰移动。
[2026-07-08 11:31:39] [DEBUG] 房间 R1 收到 roll 消息: 玩家1
[2026-07-08 11:31:39] [DEBUG] [大富翁] R17 企鹅 掷出 1 + 4 = 5。
[2026-07-08 11:31:39] [DEBUG] [大富翁] R17 企鹅 到达 电力公司。
[2026-07-08 11:31:39] [DEBUG] [大富翁] R17 企鹅 进入 123 的领地 电力公司，需付过路费 20 元。
[2026-07-08 11:31:39] [DEBUG] [大富翁] R18 第 18 回合，轮到 123。
[2026-07-08 11:31:42] [DEBUG] 房间 R1 收到 roll 消息: 玩家0
[2026-07-08 11:31:42] [DEBUG] [大富翁] R18 123 掷出 1 + 4 = 5。
[2026-07-08 11:31:42] [DEBUG] [大富翁] R18 123 到达 监狱。
[2026-07-08 11:31:42] [DEBUG] [大富翁] R18 第 18 回合，轮到 企鹅。
[2026-07-08 11:31:43] [DEBUG] 房间 R1 收到 roll 消息: 玩家1
[2026-07-08 11:31:43] [DEBUG] [大富翁] R18 企鹅 掷出 6 + 2 = 8。
[2026-07-08 11:31:43] [DEBUG] [大富翁] R18 企鹅 到达 命运。
[2026-07-08 11:31:43] [DEBUG] [大富翁] R18 企鹅 抽到 命运卡：中彩票，获得 200 元。
[2026-07-08 11:31:43] [DEBUG] [大富翁] R18 企鹅 获得 200 元。
[2026-07-08 11:31:43] [DEBUG] [大富翁] R19 第 19 回合，轮到 123。
[2026-07-08 11:31:46] [DEBUG] 房间 R1 收到 roll 消息: 玩家0
[2026-07-08 11:31:46] [DEBUG] [大富翁] R19 123 掷出 6 + 2 = 8。
[2026-07-08 11:31:46] [DEBUG] [大富翁] R19 123 到达 南站。
[2026-07-08 11:31:46] [DEBUG] [大富翁] R19 123 进入 企鹅 的领地 南站，需付过路费 25 元。
[2026-07-08 11:31:46] [DEBUG] [大富翁] R19 第 19 回合，轮到 企鹅。
[2026-07-08 11:31:48] [DEBUG] 房间 R1 收到 roll 消息: 玩家1
[2026-07-08 11:31:48] [DEBUG] [大富翁] R19 企鹅 掷出 2 + 2 = 4（双点，可再掷）。
[2026-07-08 11:31:48] [DEBUG] [大富翁] R19 企鹅 到达 奢侈税。
[2026-07-08 11:31:48] [DEBUG] [大富翁] R19 企鹅 因双点获得额外一次掷骰。
[2026-07-08 11:31:49] [DEBUG] 房间 R1 收到 roll 消息: 玩家1
[2026-07-08 11:31:49] [DEBUG] [大富翁] R19 企鹅 掷出 1 + 2 = 3。
[2026-07-08 11:31:49] [DEBUG] [大富翁] R19 企鹅 经过起点，领取 200 元。
[2026-07-08 11:31:49] [DEBUG] [大富翁] R19 企鹅 到达 机会。
[2026-07-08 11:31:49] [DEBUG] [大富翁] R19 企鹅 抽到 机会卡：出狱卡，可保留以备不时之需。
[2026-07-08 11:31:49] [DEBUG] [大富翁] R19 企鹅 获得一张出狱卡。
[2026-07-08 11:31:49] [DEBUG] [大富翁] R20 第 20 回合，轮到 123。
[2026-07-08 14:04:25] [DEBUG] 房间 R1 收到 roll 消息: 玩家0
[2026-07-08 14:04:25] [DEBUG] [大富翁] R20 123 掷出 5 + 1 = 6。
[2026-07-08 14:04:25] [DEBUG] [大富翁] R20 123 到达 都江堰。
[2026-07-08 14:04:26] [DEBUG] 房间 R1 收到 action 消息: 玩家0
[2026-07-08 14:04:26] [DEBUG] [大富翁] R20 123 购入 都江堰，花费 240 元。
[2026-07-08 14:04:26] [DEBUG] [大富翁] R20 第 20 回合，轮到 企鹅。
[2026-07-08 14:04:38] [DEBUG] 房间 R1 收到 roll 消息: 玩家1
[2026-07-08 14:04:38] [DEBUG] [大富翁] R20 企鹅 掷出 5 + 6 = 11。
[2026-07-08 14:04:38] [DEBUG] [大富翁] R20 企鹅 到达 命运。
[2026-07-08 14:04:38] [DEBUG] [大富翁] R20 企鹅 抽到 命运卡：股票分红，获得 150 元。
[2026-07-08 14:04:38] [DEBUG] [大富翁] R20 企鹅 获得 150 元。
[2026-07-08 14:04:38] [DEBUG] [大富翁] R21 第 21 回合，轮到 123。
[2026-07-08 14:04:40] [DEBUG] 房间 R1 收到 roll 消息: 玩家0
[2026-07-08 14:04:40] [DEBUG] [大富翁] R21 123 掷出 4 + 4 = 8（双点，可再掷）。
[2026-07-08 14:04:40] [DEBUG] [大富翁] R21 123 经过起点，领取 200 元。
[2026-07-08 14:04:40] [DEBUG] [大富翁] R21 123 到达 所得税。
[2026-07-08 14:04:40] [DEBUG] [大富翁] R21 123 因双点获得额外一次掷骰。
[2026-07-08 14:04:41] [DEBUG] 房间 R1 收到 roll 消息: 玩家0
[2026-07-08 14:04:41] [DEBUG] [大富翁] R21 123 掷出 5 + 5 = 10（双点，可再掷）。
[2026-07-08 14:04:41] [DEBUG] [大富翁] R21 123 到达 南站。
[2026-07-08 14:04:41] [DEBUG] [大富翁] R21 123 进入 企鹅 的领地 南站，需付过路费 25 元。
[2026-07-08 14:04:41] [DEBUG] [大富翁] R21 123 因双点获得额外一次掷骰。
[2026-07-08 14:04:42] [DEBUG] 房间 R1 收到 roll 消息: 玩家0
[2026-07-08 14:04:42] [DEBUG] [大富翁] R21 123 掷出 2 + 5 = 7。
[2026-07-08 14:04:42] [DEBUG] [大富翁] R21 123 到达 自来水厂。
[2026-07-08 14:04:42] [DEBUG] [大富翁] R21 123 进入 企鹅 的领地 自来水厂，需付过路费 28 元。
[2026-07-08 14:04:42] [DEBUG] [大富翁] R21 第 21 回合，轮到 企鹅。
[2026-07-08 14:04:44] [DEBUG] 房间 R1 收到 roll 消息: 玩家1
[2026-07-08 14:04:44] [DEBUG] [大富翁] R21 企鹅 掷出 6 + 3 = 9。
[2026-07-08 14:04:44] [DEBUG] [大富翁] R21 企鹅 到达 青城山。
[2026-07-08 14:04:44] [DEBUG] [大富翁] R21 企鹅 进入 123 的领地 青城山，需付过路费 1150 元。
[2026-07-08 14:04:44] [DEBUG] [大富翁] R22 第 22 回合，轮到 123。
[2026-07-08 14:10:46] [INFO] WebSocket 连接建立，当前在线 1
[2026-07-08 14:10:48] [INFO] WebSocket 连接建立，当前在线 1
[2026-07-08 14:10:57] [DEBUG] 匿名连接断开
[2026-07-08 14:10:57] [INFO] WebSocket 连接建立，当前在线 1
[2026-07-08 14:10:59] [DEBUG] 匿名连接断开
[2026-07-08 14:10:59] [INFO] WebSocket 连接建立，当前在线 1
[2026-07-08 14:11:01] [INFO] 用户登录: 123 (uid=1)
[2026-07-08 14:11:04] [INFO] 用户 123 创建房间 R1 (monopoly)
[2026-07-08 14:11:05] [INFO] 用户 123 准备 (R1)
[2026-07-08 14:11:08] [INFO] 用户登录: 345 (uid=2)
[2026-07-08 14:11:10] [INFO] 用户 345 加入房间 R1
[2026-07-08 14:11:11] [INFO] 用户 345 准备 (R1)
[2026-07-08 14:11:13] [DEBUG] [大富翁] R1 新对局开始，共 2 位玩家，每人初始 1500 元，目标 30 回合。
[2026-07-08 14:11:13] [DEBUG] [大富翁] R1 第 1 回合，轮到 123。
[2026-07-08 14:11:13] [INFO] 房间 R1 游戏开始 (monopoly, 2人)
[2026-07-08 14:11:14] [DEBUG] 房间 R1 收到 roll 消息: 玩家0
[2026-07-08 14:11:14] [DEBUG] [大富翁] R1 123 掷出 6 + 5 = 11。
[2026-07-08 14:11:14] [DEBUG] [大富翁] R1 123 到达 电力公司。
[2026-07-08 14:11:15] [DEBUG] 房间 R1 收到 action 消息: 玩家0
[2026-07-08 14:11:15] [DEBUG] [大富翁] R1 123 购入 电力公司，花费 150 元。
[2026-07-08 14:11:15] [DEBUG] [大富翁] R1 第 1 回合，轮到 345。
[2026-07-08 14:11:17] [DEBUG] 房间 R1 收到 roll 消息: 玩家1
[2026-07-08 14:11:17] [DEBUG] [大富翁] R1 345 掷出 4 + 2 = 6。
[2026-07-08 14:11:17] [DEBUG] [大富翁] R1 345 到达 监狱。
[2026-07-08 14:11:17] [DEBUG] [大富翁] R2 第 2 回合，轮到 123。
[2026-07-08 14:11:21] [DEBUG] 房间 R1 收到 roll 消息: 玩家0
[2026-07-08 14:11:21] [DEBUG] [大富翁] R2 123 掷出 3 + 5 = 8。
[2026-07-08 14:11:21] [DEBUG] [大富翁] R2 123 到达 命运。
[2026-07-08 14:11:21] [DEBUG] [大富翁] R2 123 抽到 命运卡：医疗费用，支付 100 元。
[2026-07-08 14:11:21] [DEBUG] [大富翁] R2 第 2 回合，轮到 345。
[2026-07-08 14:11:27] [DEBUG] 房间 R1 收到 roll 消息: 玩家1
[2026-07-08 14:11:27] [DEBUG] [大富翁] R2 345 掷出 3 + 1 = 4。
[2026-07-08 14:11:27] [DEBUG] [大富翁] R2 345 到达 武侯祠。
[2026-07-08 14:11:46] [DEBUG] 房间 R1 收到 action 消息: 玩家1
[2026-07-08 14:11:46] [DEBUG] [大富翁] R2 345 购入 武侯祠，花费 140 元。
[2026-07-08 14:11:46] [DEBUG] [大富翁] R3 第 3 回合，轮到 123。
[2026-07-08 14:12:30] [DEBUG] 房间 R1 收到 roll 消息: 玩家0
[2026-07-08 14:12:30] [DEBUG] [大富翁] R3 123 掷出 3 + 2 = 5。
[2026-07-08 14:12:30] [DEBUG] [大富翁] R3 123 经过起点，领取 200 元。
[2026-07-08 14:12:30] [DEBUG] [大富翁] R3 123 到达 起点。
[2026-07-08 14:12:30] [DEBUG] [大富翁] R3 123 停在起点，领取 200 元。
[2026-07-08 14:12:30] [DEBUG] [大富翁] R3 第 3 回合，轮到 345。
[2026-07-08 14:12:33] [DEBUG] 房间 R1 收到 roll 消息: 玩家1
[2026-07-08 14:12:33] [DEBUG] [大富翁] R3 345 掷出 3 + 5 = 8。
[2026-07-08 14:12:33] [DEBUG] [大富翁] R3 345 到达 金沙遗址。
[2026-07-08 14:12:34] [DEBUG] 房间 R1 收到 action 消息: 玩家1
[2026-07-08 14:12:34] [DEBUG] [大富翁] R3 345 购入 金沙遗址，花费 220 元。
[2026-07-08 14:12:34] [DEBUG] [大富翁] R4 第 4 回合，轮到 123。
[2026-07-08 14:12:37] [DEBUG] 房间 R1 收到 roll 消息: 玩家0
[2026-07-08 14:12:37] [DEBUG] [大富翁] R4 123 掷出 1 + 2 = 3。
[2026-07-08 14:12:37] [DEBUG] [大富翁] R4 123 到达 太古里。
[2026-07-08 14:12:43] [DEBUG] 房间 R1 收到 action 消息: 玩家0
[2026-07-08 14:12:43] [DEBUG] [大富翁] R4 123 购入 太古里，花费 80 元。
[2026-07-08 14:12:43] [DEBUG] [大富翁] R4 第 4 回合，轮到 345。
[2026-07-08 14:12:48] [DEBUG] 房间 R1 收到 roll 消息: 玩家1
[2026-07-08 14:12:48] [DEBUG] [大富翁] R4 345 掷出 1 + 2 = 3。
[2026-07-08 14:12:48] [DEBUG] [大富翁] R4 345 到达 自来水厂。
[2026-07-08 14:12:49] [DEBUG] 房间 R1 收到 action 消息: 玩家1
[2026-07-08 14:12:49] [DEBUG] [大富翁] R4 345 购入 自来水厂，花费 150 元。
[2026-07-08 14:12:49] [DEBUG] [大富翁] R5 第 5 回合，轮到 123。
[2026-07-08 14:12:51] [DEBUG] 房间 R1 收到 roll 消息: 玩家0
[2026-07-08 14:12:51] [DEBUG] [大富翁] R5 123 掷出 6 + 6 = 12（双点，可再掷）。
[2026-07-08 14:12:51] [DEBUG] [大富翁] R5 123 到达 天府广场。
[2026-07-08 14:12:52] [DEBUG] 房间 R1 收到 action 消息: 玩家0
[2026-07-08 14:12:52] [DEBUG] [大富翁] R5 123 购入 天府广场，花费 180 元。
[2026-07-08 14:12:52] [DEBUG] [大富翁] R5 123 因双点获得额外一次掷骰。
[2026-07-08 14:12:55] [DEBUG] 房间 R1 收到 roll 消息: 玩家0
[2026-07-08 14:12:55] [DEBUG] [大富翁] R5 123 掷出 3 + 6 = 9。
[2026-07-08 14:12:55] [DEBUG] [大富翁] R5 123 经过起点，领取 200 元。
[2026-07-08 14:12:55] [DEBUG] [大富翁] R5 123 到达 起点。
[2026-07-08 14:12:55] [DEBUG] [大富翁] R5 123 停在起点，领取 200 元。
[2026-07-08 14:12:55] [DEBUG] [大富翁] R5 第 5 回合，轮到 345。
[2026-07-08 14:12:57] [DEBUG] 房间 R1 收到 roll 消息: 玩家1
[2026-07-08 14:12:57] [DEBUG] [大富翁] R5 345 掷出 2 + 1 = 3。
[2026-07-08 14:12:57] [DEBUG] [大富翁] R5 345 经过起点，领取 200 元。
[2026-07-08 14:12:57] [DEBUG] [大富翁] R5 345 到达 起点。
[2026-07-08 14:12:57] [DEBUG] [大富翁] R5 345 停在起点，领取 200 元。
[2026-07-08 14:12:57] [DEBUG] [大富翁] R6 第 6 回合，轮到 123。
[2026-07-08 14:13:00] [DEBUG] 房间 R1 收到 roll 消息: 玩家0
[2026-07-08 14:13:00] [DEBUG] [大富翁] R6 123 掷出 3 + 6 = 9。
[2026-07-08 14:13:00] [DEBUG] [大富翁] R6 123 到达 宽窄巷子。
[2026-07-08 14:13:01] [DEBUG] 房间 R1 收到 action 消息: 玩家0
[2026-07-08 14:13:01] [DEBUG] [大富翁] R6 123 购入 宽窄巷子，花费 120 元。
[2026-07-08 14:13:01] [DEBUG] [大富翁] R6 第 6 回合，轮到 345。
[2026-07-08 14:13:04] [DEBUG] 房间 R1 收到 roll 消息: 玩家1
[2026-07-08 14:13:04] [DEBUG] [大富翁] R6 345 掷出 4 + 5 = 9。
[2026-07-08 14:13:04] [DEBUG] [大富翁] R6 345 到达 宽窄巷子。
[2026-07-08 14:13:04] [DEBUG] [大富翁] R6 345 进入 123 的领地 宽窄巷子，需付过路费 8 元。
[2026-07-08 14:13:04] [DEBUG] [大富翁] R7 第 7 回合，轮到 123。
[2026-07-08 14:13:07] [DEBUG] 房间 R1 收到 roll 消息: 玩家0
[2026-07-08 14:13:07] [DEBUG] [大富翁] R7 123 掷出 4 + 3 = 7。
[2026-07-08 14:13:07] [DEBUG] [大富翁] R7 123 到达 机会。
[2026-07-08 14:13:07] [DEBUG] [大富翁] R7 123 抽到 机会卡：前进到起点，领取 200 元。
[2026-07-08 14:13:07] [DEBUG] [大富翁] R7 123 经过起点，领取 200 元。
[2026-07-08 14:13:07] [DEBUG] [大富翁] R7 123 到达 起点。
[2026-07-08 14:13:07] [DEBUG] [大富翁] R7 123 停在起点，领取 200 元。
[2026-07-08 14:13:07] [DEBUG] [大富翁] R7 第 7 回合，轮到 345。
[2026-07-08 14:13:12] [DEBUG] 房间 R1 收到 roll 消息: 玩家1
[2026-07-08 14:13:12] [DEBUG] [大富翁] R7 345 掷出 2 + 3 = 5。
[2026-07-08 14:13:12] [DEBUG] [大富翁] R7 345 到达 南站。
[2026-07-08 14:13:13] [DEBUG] 房间 R1 收到 action 消息: 玩家1
[2026-07-08 14:13:13] [DEBUG] [大富翁] R7 345 购入 南站，花费 200 元。
[2026-07-08 14:13:13] [DEBUG] [大富翁] R8 第 8 回合，轮到 123。
[2026-07-08 14:13:15] [DEBUG] 房间 R1 收到 roll 消息: 玩家0
[2026-07-08 14:13:15] [DEBUG] [大富翁] R8 123 掷出 3 + 5 = 8。
[2026-07-08 14:13:15] [DEBUG] [大富翁] R8 123 到达 机会。
[2026-07-08 14:13:15] [DEBUG] [大富翁] R8 123 抽到 机会卡：维修房屋，每座房子付 25 元。
[2026-07-08 14:13:15] [DEBUG] [大富翁] R8 第 8 回合，轮到 345。
[2026-07-08 14:13:19] [DEBUG] 房间 R1 收到 roll 消息: 玩家1
[2026-07-08 14:13:19] [DEBUG] [大富翁] R8 345 掷出 5 + 4 = 9。
[2026-07-08 14:13:19] [DEBUG] [大富翁] R8 345 到达 奢侈税。
[2026-07-08 14:13:19] [DEBUG] [大富翁] R9 第 9 回合，轮到 123。
[2026-07-08 14:13:22] [DEBUG] 房间 R1 收到 roll 消息: 玩家0
[2026-07-08 14:13:22] [DEBUG] [大富翁] R9 123 掷出 1 + 6 = 7。
[2026-07-08 14:13:22] [DEBUG] [大富翁] R9 123 到达 天府广场。
[2026-07-08 14:13:28] [DEBUG] 房间 R1 收到 build 消息: 玩家0
[2026-07-08 14:13:31] [DEBUG] 房间 R1 收到 action 消息: 玩家0
[2026-07-08 14:13:31] [DEBUG] [大富翁] R9 第 9 回合，轮到 345。
[2026-07-08 14:13:34] [DEBUG] 房间 R1 收到 mortgage 消息: 玩家0
[2026-07-08 14:13:34] [DEBUG] [大富翁] R9 123 抵押 天府广场，获得 90 元。
[2026-07-08 14:13:37] [DEBUG] 房间 R1 收到 mortgage 消息: 玩家0
[2026-07-08 14:13:45] [DEBUG] 房间 R1 收到 roll 消息: 玩家1
[2026-07-08 14:13:45] [DEBUG] [大富翁] R9 345 掷出 4 + 2 = 6。
[2026-07-08 14:13:45] [DEBUG] [大富翁] R9 345 经过起点，领取 200 元。
[2026-07-08 14:13:45] [DEBUG] [大富翁] R9 345 到达 东站。
[2026-07-08 14:13:47] [DEBUG] 房间 R1 收到 action 消息: 玩家1
[2026-07-08 14:13:47] [DEBUG] [大富翁] R9 345 购入 东站，花费 200 元。
[2026-07-08 14:13:47] [DEBUG] [大富翁] R10 第 10 回合，轮到 123。
[2026-07-08 14:13:50] [DEBUG] 房间 R1 收到 mortgage 消息: 玩家1
[2026-07-08 14:13:50] [DEBUG] [大富翁] R10 345 抵押 金沙遗址，获得 110 元。
[2026-07-08 14:13:54] [DEBUG] 房间 R1 收到 roll 消息: 玩家0
[2026-07-08 14:13:54] [DEBUG] [大富翁] R10 123 掷出 3 + 1 = 4。
[2026-07-08 14:13:54] [DEBUG] [大富翁] R10 123 到达 命运。
[2026-07-08 14:13:54] [DEBUG] [大富翁] R10 123 抽到 命运卡：请每位玩家吃饭，付给每人 50 元。
[2026-07-08 14:13:54] [DEBUG] [大富翁] R10 123 付给每位玩家 50 元。
[2026-07-08 14:13:54] [DEBUG] [大富翁] R10 第 10 回合，轮到 345。
[2026-07-08 14:13:56] [DEBUG] 房间 R1 收到 roll 消息: 玩家1
[2026-07-08 14:13:56] [DEBUG] [大富翁] R10 345 掷出 6 + 1 = 7。
[2026-07-08 14:13:56] [DEBUG] [大富翁] R10 345 到达 杜甫草堂。
[2026-07-08 14:13:57] [DEBUG] 房间 R1 收到 action 消息: 玩家1
[2026-07-08 14:13:57] [DEBUG] [大富翁] R10 345 购入 杜甫草堂，花费 160 元。
[2026-07-08 14:13:57] [DEBUG] [大富翁] R11 第 11 回合，轮到 123。
[2026-07-08 14:16:50] [INFO] 用户断开: 123
[2026-07-08 14:16:50] [DEBUG] [大富翁] R11 123 断线，自动破产退出。
[2026-07-08 14:16:50] [DEBUG] [大富翁] R11 对局结束！冠军：345（净资产 1617 元）。
[2026-07-08 14:16:50] [INFO] 用户断开: 345
[2026-07-08 14:16:50] [DEBUG] [大富翁] R11 345 断线，自动破产退出。
